********
epoch: 1     time: 20
train_loss: 1.5011531114578247
SHAPE: (1024, 1024)
********
epoch: 2     time: 40
train_loss: 1.2954776937311345
SHAPE: (1024, 1024)
********
epoch: 3     time: 61
train_loss: 0.9737369201400063
SHAPE: (1024, 1024)
********
epoch: 4     time: 82
train_loss: 0.7199804295193065
SHAPE: (1024, 1024)
********
epoch: 5     time: 103
train_loss: 0.5814999314871702
SHAPE: (1024, 1024)
********
epoch: 6     time: 123
train_loss: 0.520776628093286
SHAPE: (1024, 1024)
********
epoch: 7     time: 144
train_loss: 0.4871501069177281
SHAPE: (1024, 1024)
********
epoch: 8     time: 164
train_loss: 0.45972267335111444
SHAPE: (1024, 1024)
********
epoch: 9     time: 185
train_loss: 0.44838053529912775
SHAPE: (1024, 1024)
********
epoch: 10     time: 205
train_loss: 0.42164347794922913
SHAPE: (1024, 1024)
********
epoch: 11     time: 226
train_loss: 0.3722203563560139
SHAPE: (1024, 1024)
********
epoch: 12     time: 246
train_loss: 0.2853853567080064
SHAPE: (1024, 1024)
********
epoch: 13     time: 267
train_loss: 0.16426823085004633
SHAPE: (1024, 1024)
********
epoch: 14     time: 287
train_loss: 0.10470592332157222
SHAPE: (1024, 1024)
********
epoch: 15     time: 308
train_loss: 0.08864399993961508
SHAPE: (1024, 1024)
********
epoch: 16     time: 328
train_loss: 0.07957282696257938
SHAPE: (1024, 1024)
********
epoch: 17     time: 349
train_loss: 0.0728714144365354
SHAPE: (1024, 1024)
********
epoch: 18     time: 369
train_loss: 0.0664827950637449
SHAPE: (1024, 1024)
********
epoch: 19     time: 390
train_loss: 0.06466211818835953
SHAPE: (1024, 1024)
********
epoch: 20     time: 410
train_loss: 0.05931675586510788
SHAPE: (1024, 1024)
********
epoch: 21     time: 431
train_loss: 0.05592993020334027
SHAPE: (1024, 1024)
********
epoch: 22     time: 451
train_loss: 0.052703185684301636
SHAPE: (1024, 1024)
********
epoch: 23     time: 472
train_loss: 0.05713943646035411
SHAPE: (1024, 1024)
********
epoch: 24     time: 492
train_loss: 0.06310362368822098
SHAPE: (1024, 1024)
********
epoch: 25     time: 512
train_loss: 0.06583767655220898
SHAPE: (1024, 1024)
********
epoch: 26     time: 533
train_loss: 0.056432300839911805
SHAPE: (1024, 1024)
********
epoch: 27     time: 553
train_loss: 0.050401817160573875
SHAPE: (1024, 1024)
********
epoch: 28     time: 573
train_loss: 0.04670918047089468
SHAPE: (1024, 1024)
********
epoch: 29     time: 594
train_loss: 0.045674688944762405
SHAPE: (1024, 1024)
********
epoch: 30     time: 614
train_loss: 0.04312742484564131
SHAPE: (1024, 1024)
********
epoch: 31     time: 635
train_loss: 0.04390315152704716
SHAPE: (1024, 1024)
********
epoch: 32     time: 655
train_loss: 0.04354634457691149
SHAPE: (1024, 1024)
********
epoch: 33     time: 675
train_loss: 0.043322963301431046
SHAPE: (1024, 1024)
********
epoch: 34     time: 695
train_loss: 0.04161819934167645
SHAPE: (1024, 1024)
********
epoch: 35     time: 716
train_loss: 0.040842559103938664
SHAPE: (1024, 1024)
********
epoch: 36     time: 736
train_loss: 0.04140906264497475
SHAPE: (1024, 1024)
********
epoch: 37     time: 757
train_loss: 0.039458462968468666
SHAPE: (1024, 1024)
********
epoch: 38     time: 778
train_loss: 0.040130674839019775
SHAPE: (1024, 1024)
********
epoch: 39     time: 798
train_loss: 0.04014271853322333
SHAPE: (1024, 1024)
********
epoch: 40     time: 818
train_loss: 0.04003832590850917
SHAPE: (1024, 1024)
********
epoch: 41     time: 839
train_loss: 0.038737579841505394
SHAPE: (1024, 1024)
********
epoch: 42     time: 859
train_loss: 0.038871500895104626
SHAPE: (1024, 1024)
********
epoch: 43     time: 880
train_loss: 0.03703736733983864
SHAPE: (1024, 1024)
********
epoch: 44     time: 900
train_loss: 0.03754293410615488
SHAPE: (1024, 1024)
********
epoch: 45     time: 920
train_loss: 0.03651346757330678
SHAPE: (1024, 1024)
********
epoch: 46     time: 941
train_loss: 0.038281003521247345
SHAPE: (1024, 1024)
********
epoch: 47     time: 961
train_loss: 0.03659626155753027
SHAPE: (1024, 1024)
********
epoch: 48     time: 981
train_loss: 0.036046026697890324
SHAPE: (1024, 1024)
********
epoch: 49     time: 1002
train_loss: 0.036044722253626045
SHAPE: (1024, 1024)
********
epoch: 50     time: 1022
train_loss: 0.035355576652694835
SHAPE: (1024, 1024)
********
epoch: 51     time: 1043
train_loss: 0.03453469056297432
SHAPE: (1024, 1024)
********
epoch: 52     time: 1063
train_loss: 0.03542535362595862
SHAPE: (1024, 1024)
********
epoch: 53     time: 1084
train_loss: 0.03382992668246681
SHAPE: (1024, 1024)
********
epoch: 54     time: 1104
train_loss: 0.03308635162697597
SHAPE: (1024, 1024)
********
epoch: 55     time: 1125
train_loss: 0.03433738310228695
SHAPE: (1024, 1024)
********
epoch: 56     time: 1145
train_loss: 0.03297835359857841
SHAPE: (1024, 1024)
********
epoch: 57     time: 1165
train_loss: 0.0330386535179886
SHAPE: (1024, 1024)
********
epoch: 58     time: 1186
train_loss: 0.03179948633028702
SHAPE: (1024, 1024)
********
epoch: 59     time: 1206
train_loss: 0.0319881315597079
SHAPE: (1024, 1024)
********
epoch: 60     time: 1226
train_loss: 0.03141051615503701
SHAPE: (1024, 1024)
********
epoch: 61     time: 1247
train_loss: 0.031248673457990993
SHAPE: (1024, 1024)
********
epoch: 62     time: 1268
train_loss: 0.030798933553424748
SHAPE: (1024, 1024)
********
epoch: 63     time: 1288
train_loss: 0.029817787422375244
SHAPE: (1024, 1024)
********
epoch: 64     time: 1309
train_loss: 0.030818603678860447
SHAPE: (1024, 1024)
********
epoch: 65     time: 1329
train_loss: 0.02960470242595131
SHAPE: (1024, 1024)
********
epoch: 66     time: 1349
train_loss: 0.029199891385029663
SHAPE: (1024, 1024)
********
epoch: 67     time: 1370
train_loss: 0.02956896664744074
SHAPE: (1024, 1024)
********
epoch: 68     time: 1390
train_loss: 0.028622636232863773
SHAPE: (1024, 1024)
********
epoch: 69     time: 1411
train_loss: 0.02879936984655532
SHAPE: (1024, 1024)
********
epoch: 70     time: 1431
train_loss: 0.02856267878616398
SHAPE: (1024, 1024)
********
epoch: 71     time: 1451
train_loss: 0.02829773910343647
SHAPE: (1024, 1024)
********
epoch: 72     time: 1472
train_loss: 0.028060501187362454
SHAPE: (1024, 1024)
********
epoch: 73     time: 1492
train_loss: 0.027055449191142212
SHAPE: (1024, 1024)
********
epoch: 74     time: 1513
train_loss: 0.028072503056715836
SHAPE: (1024, 1024)
********
epoch: 75     time: 1533
train_loss: 0.02749437034468759
SHAPE: (1024, 1024)
********
epoch: 76     time: 1554
train_loss: 0.026998729275708847
SHAPE: (1024, 1024)
********
epoch: 77     time: 1574
train_loss: 0.026973103342408485
SHAPE: (1024, 1024)
********
epoch: 78     time: 1595
train_loss: 0.0263520928777077
SHAPE: (1024, 1024)
********
epoch: 79     time: 1615
train_loss: 0.02603161944584413
SHAPE: (1024, 1024)
********
epoch: 80     time: 1636
train_loss: 0.025615840303626927
SHAPE: (1024, 1024)
********
epoch: 81     time: 1656
train_loss: 0.026002183979885143
SHAPE: (1024, 1024)
********
epoch: 82     time: 1676
train_loss: 0.02635801625861363
SHAPE: (1024, 1024)
********
epoch: 83     time: 1697
train_loss: 0.025457540950314564
SHAPE: (1024, 1024)
********
epoch: 84     time: 1717
train_loss: 0.02506688084792007
SHAPE: (1024, 1024)
********
epoch: 85     time: 1738
train_loss: 0.027194563976743004
SHAPE: (1024, 1024)
********
epoch: 86     time: 1758
train_loss: 0.025169761089438743
SHAPE: (1024, 1024)
********
epoch: 87     time: 1778
train_loss: 0.024942227639257908
SHAPE: (1024, 1024)
********
epoch: 88     time: 1799
train_loss: 0.024497353048487144
SHAPE: (1024, 1024)
********
epoch: 89     time: 1819
train_loss: 0.02411631257696585
SHAPE: (1024, 1024)
********
epoch: 90     time: 1840
train_loss: 0.024065760387615723
SHAPE: (1024, 1024)
********
epoch: 91     time: 1861
train_loss: 0.024235713253305716
SHAPE: (1024, 1024)
********
epoch: 92     time: 1881
train_loss: 0.023430981842631645
SHAPE: (1024, 1024)
********
epoch: 93     time: 1902
train_loss: 0.023268144408410244
SHAPE: (1024, 1024)
********
epoch: 94     time: 1922
train_loss: 0.02328336061063138
SHAPE: (1024, 1024)
********
epoch: 95     time: 1942
train_loss: 0.02329910317943855
SHAPE: (1024, 1024)
********
epoch: 96     time: 1963
train_loss: 0.02376251443373886
SHAPE: (1024, 1024)
********
epoch: 97     time: 1983
train_loss: 0.022928219711916012
SHAPE: (1024, 1024)
********
epoch: 98     time: 2004
train_loss: 0.022281202995641666
SHAPE: (1024, 1024)
********
epoch: 99     time: 2024
train_loss: 0.02257308414713903
SHAPE: (1024, 1024)
********
epoch: 100     time: 2044
train_loss: 0.02184028373184529
SHAPE: (1024, 1024)
********
epoch: 101     time: 2065
train_loss: 0.022210342978889294
SHAPE: (1024, 1024)
********
epoch: 102     time: 2085
train_loss: 0.022130069068887016
SHAPE: (1024, 1024)
********
epoch: 103     time: 2106
train_loss: 0.02123256688090888
SHAPE: (1024, 1024)
********
epoch: 104     time: 2126
train_loss: 0.021262397142973812
SHAPE: (1024, 1024)
********
epoch: 105     time: 2146
train_loss: 0.021243546666069466
SHAPE: (1024, 1024)
********
epoch: 106     time: 2166
train_loss: 0.02146730919114568
SHAPE: (1024, 1024)
********
epoch: 107     time: 2186
train_loss: 0.021583820354532112
SHAPE: (1024, 1024)
********
epoch: 108     time: 2207
train_loss: 0.020880441393025896
SHAPE: (1024, 1024)
********
epoch: 109     time: 2227
train_loss: 0.02121558997102759
SHAPE: (1024, 1024)
********
epoch: 110     time: 2247
train_loss: 0.020781236404383726
SHAPE: (1024, 1024)
********
epoch: 111     time: 2268
train_loss: 0.020568727938966316
SHAPE: (1024, 1024)
********
epoch: 112     time: 2288
train_loss: 0.020246626428243788
SHAPE: (1024, 1024)
********
epoch: 113     time: 2309
train_loss: 0.02076216194440018
SHAPE: (1024, 1024)
********
epoch: 114     time: 2329
train_loss: 0.020130733578381212
SHAPE: (1024, 1024)
********
epoch: 115     time: 2349
train_loss: 0.02065247953446074
SHAPE: (1024, 1024)
********
epoch: 116     time: 2369
train_loss: 0.020205577666109257
SHAPE: (1024, 1024)
********
epoch: 117     time: 2390
train_loss: 0.02044183083555915
SHAPE: (1024, 1024)
********
epoch: 118     time: 2410
train_loss: 0.019969732077284294
SHAPE: (1024, 1024)
********
epoch: 119     time: 2430
train_loss: 0.020158048211173576
SHAPE: (1024, 1024)
********
epoch: 120     time: 2450
train_loss: 0.020516294012354178
SHAPE: (1024, 1024)
********
epoch: 121     time: 2470
train_loss: 0.020025359763001852
SHAPE: (1024, 1024)
********
epoch: 122     time: 2491
train_loss: 0.019440059465440838
SHAPE: (1024, 1024)
********
epoch: 123     time: 2511
train_loss: 0.019634531810879707
SHAPE: (1024, 1024)
********
epoch: 124     time: 2531
train_loss: 0.019583981865170328
SHAPE: (1024, 1024)
********
epoch: 125     time: 2552
train_loss: 0.019242686092514883
SHAPE: (1024, 1024)
********
epoch: 126     time: 2572
train_loss: 0.019346698187291622
SHAPE: (1024, 1024)
********
epoch: 127     time: 2592
train_loss: 0.01932070091028105
SHAPE: (1024, 1024)
********
epoch: 128     time: 2613
train_loss: 0.01970709961923686
SHAPE: (1024, 1024)
********
epoch: 129     time: 2633
train_loss: 0.020092544399879196
SHAPE: (1024, 1024)
********
epoch: 130     time: 2653
train_loss: 0.019246946681629528
SHAPE: (1024, 1024)
********
epoch: 131     time: 2673
train_loss: 0.019433038605546408
SHAPE: (1024, 1024)
Finish!
