********
epoch: 1     time: 20
train_loss: 1.5368294715881348
SHAPE: (1024, 1024)
********
epoch: 2     time: 40
train_loss: 1.3858058940280567
SHAPE: (1024, 1024)
********
epoch: 3     time: 61
train_loss: 1.0927588072690098
SHAPE: (1024, 1024)
********
epoch: 4     time: 83
train_loss: 0.8302897702563893
SHAPE: (1024, 1024)
********
epoch: 5     time: 103
train_loss: 0.6314160471612756
SHAPE: (1024, 1024)
********
epoch: 6     time: 124
train_loss: 0.5269840617071498
SHAPE: (1024, 1024)
********
epoch: 7     time: 144
train_loss: 0.5063484419475902
SHAPE: (1024, 1024)
********
epoch: 8     time: 165
train_loss: 0.4686264260248704
SHAPE: (1024, 1024)
********
epoch: 9     time: 185
train_loss: 0.4400263252583417
SHAPE: (1024, 1024)
********
epoch: 10     time: 207
train_loss: 0.3962847468527881
SHAPE: (1024, 1024)
********
epoch: 11     time: 227
train_loss: 0.3084252950820056
SHAPE: (1024, 1024)
********
epoch: 12     time: 247
train_loss: 0.1827274425463243
SHAPE: (1024, 1024)
********
epoch: 13     time: 268
train_loss: 0.11195571551268751
SHAPE: (1024, 1024)
********
epoch: 14     time: 288
train_loss: 0.10591220821846616
SHAPE: (1024, 1024)
********
epoch: 15     time: 309
train_loss: 0.10011788830161095
SHAPE: (1024, 1024)
********
epoch: 16     time: 331
train_loss: 0.08634834093126384
SHAPE: (1024, 1024)
********
epoch: 17     time: 351
train_loss: 0.0826293599199165
SHAPE: (1024, 1024)
********
epoch: 18     time: 372
train_loss: 0.07738651809367267
SHAPE: (1024, 1024)
********
epoch: 19     time: 392
train_loss: 0.08381285738538612
SHAPE: (1024, 1024)
********
epoch: 20     time: 412
train_loss: 0.0912535668096759
SHAPE: (1024, 1024)
********
epoch: 21     time: 433
train_loss: 0.07828667285767468
SHAPE: (1024, 1024)
********
epoch: 22     time: 454
train_loss: 0.06883707659488375
SHAPE: (1024, 1024)
********
epoch: 23     time: 474
train_loss: 0.06175413507629524
SHAPE: (1024, 1024)
********
epoch: 24     time: 495
train_loss: 0.05351059121841734
SHAPE: (1024, 1024)
********
epoch: 25     time: 515
train_loss: 0.05184112929485061
SHAPE: (1024, 1024)
********
epoch: 26     time: 536
train_loss: 0.04943369185044007
SHAPE: (1024, 1024)
********
epoch: 27     time: 556
train_loss: 0.04859861392866482
SHAPE: (1024, 1024)
********
epoch: 28     time: 577
train_loss: 0.04330370795320381
SHAPE: (1024, 1024)
********
epoch: 29     time: 597
train_loss: 0.042251815257424656
SHAPE: (1024, 1024)
********
epoch: 30     time: 618
train_loss: 0.04176184518093413
SHAPE: (1024, 1024)
********
epoch: 31     time: 638
train_loss: 0.042446812614798546
SHAPE: (1024, 1024)
********
epoch: 32     time: 658
train_loss: 0.04433932646431706
SHAPE: (1024, 1024)
********
epoch: 33     time: 679
train_loss: 0.042333855547688225
SHAPE: (1024, 1024)
********
epoch: 34     time: 699
train_loss: 0.041396676816723564
SHAPE: (1024, 1024)
********
epoch: 35     time: 719
train_loss: 0.03768811146305366
SHAPE: (1024, 1024)
********
epoch: 36     time: 740
train_loss: 0.03589092796160416
SHAPE: (1024, 1024)
********
epoch: 37     time: 760
train_loss: 0.0347548345611854
SHAPE: (1024, 1024)
********
epoch: 38     time: 781
train_loss: 0.03439377070489255
SHAPE: (1024, 1024)
********
epoch: 39     time: 802
train_loss: 0.032636523839424954
SHAPE: (1024, 1024)
********
epoch: 40     time: 822
train_loss: 0.031248803758485752
SHAPE: (1024, 1024)
********
epoch: 41     time: 843
train_loss: 0.031018420291895218
SHAPE: (1024, 1024)
********
epoch: 42     time: 863
train_loss: 0.03082684986293316
SHAPE: (1024, 1024)
********
epoch: 43     time: 883
train_loss: 0.03060395431450822
SHAPE: (1024, 1024)
********
epoch: 44     time: 904
train_loss: 0.029808048412881115
SHAPE: (1024, 1024)
********
epoch: 45     time: 924
train_loss: 0.02952001921155236
SHAPE: (1024, 1024)
********
epoch: 46     time: 945
train_loss: 0.028705779209055683
SHAPE: (1024, 1024)
********
epoch: 47     time: 965
train_loss: 0.02966445946896618
SHAPE: (1024, 1024)
********
epoch: 48     time: 986
train_loss: 0.028064053420993416
SHAPE: (1024, 1024)
********
epoch: 49     time: 1006
train_loss: 0.02666173358871178
SHAPE: (1024, 1024)
********
epoch: 50     time: 1027
train_loss: 0.026825554922900417
SHAPE: (1024, 1024)
********
epoch: 51     time: 1047
train_loss: 0.025249932723289185
SHAPE: (1024, 1024)
********
epoch: 52     time: 1067
train_loss: 0.02560353143648668
SHAPE: (1024, 1024)
********
epoch: 53     time: 1087
train_loss: 0.024789876558563927
SHAPE: (1024, 1024)
********
epoch: 54     time: 1108
train_loss: 0.02417850528251041
SHAPE: (1024, 1024)
********
epoch: 55     time: 1128
train_loss: 0.02499183275821534
SHAPE: (1024, 1024)
********
epoch: 56     time: 1149
train_loss: 0.02421561594713818
SHAPE: (1024, 1024)
********
epoch: 57     time: 1169
train_loss: 0.02802082345905629
SHAPE: (1024, 1024)
********
epoch: 58     time: 1189
train_loss: 0.029627373018725353
SHAPE: (1024, 1024)
********
epoch: 59     time: 1209
train_loss: 0.02389273445375941
SHAPE: (1024, 1024)
********
epoch: 60     time: 1230
train_loss: 0.02172061305662448
SHAPE: (1024, 1024)
********
epoch: 61     time: 1250
train_loss: 0.021152258427305656
SHAPE: (1024, 1024)
********
epoch: 62     time: 1271
train_loss: 0.020990814590318638
SHAPE: (1024, 1024)
********
epoch: 63     time: 1291
train_loss: 0.020294710316441276
SHAPE: (1024, 1024)
********
epoch: 64     time: 1312
train_loss: 0.0205033090473576
SHAPE: (1024, 1024)
********
epoch: 65     time: 1332
train_loss: 0.020906347950751133
SHAPE: (1024, 1024)
********
epoch: 66     time: 1352
train_loss: 0.019938110289248554
SHAPE: (1024, 1024)
********
epoch: 67     time: 1373
train_loss: 0.01992078764702786
SHAPE: (1024, 1024)
********
epoch: 68     time: 1393
train_loss: 0.01971720933744853
SHAPE: (1024, 1024)
********
epoch: 69     time: 1414
train_loss: 0.019165475979786028
SHAPE: (1024, 1024)
********
epoch: 70     time: 1434
train_loss: 0.019216395025564867
SHAPE: (1024, 1024)
********
epoch: 71     time: 1454
train_loss: 0.019586423454298216
SHAPE: (1024, 1024)
********
epoch: 72     time: 1475
train_loss: 0.019277628892186014
SHAPE: (1024, 1024)
********
epoch: 73     time: 1495
train_loss: 0.019566000396893782
SHAPE: (1024, 1024)
********
epoch: 74     time: 1515
train_loss: 0.019340973008762707
SHAPE: (1024, 1024)
********
epoch: 75     time: 1535
train_loss: 0.019595267293466764
SHAPE: (1024, 1024)
********
epoch: 76     time: 1556
train_loss: 0.019566430286927658
SHAPE: (1024, 1024)
early stop at 76 epoch
Finish!
