********
epoch: 1     time: 9
train_loss: 1.571200932775225
SHAPE: (1024, 1024)
********
epoch: 2     time: 18
train_loss: 1.5684620879945301
SHAPE: (1024, 1024)
********
epoch: 3     time: 27
train_loss: 1.5654593252000355
SHAPE: (1024, 1024)
********
epoch: 4     time: 36
train_loss: 1.5635076534180414
SHAPE: (1024, 1024)
********
epoch: 5     time: 46
train_loss: 1.5647839137486048
SHAPE: (1024, 1024)
********
epoch: 6     time: 55
train_loss: 1.5591813042050315
SHAPE: (1024, 1024)
********
epoch: 7     time: 65
train_loss: 1.5588209629058838
SHAPE: (1024, 1024)
********
epoch: 8     time: 74
train_loss: 1.5554032496043615
SHAPE: (1024, 1024)
********
epoch: 9     time: 83
train_loss: 1.5494722298213415
SHAPE: (1024, 1024)
********
epoch: 10     time: 93
train_loss: 1.554594289688837
SHAPE: (1024, 1024)
Finish!
