********
epoch: 1     time: 9
train_loss: 1.5636720997946603
SHAPE: (1024, 1024)
********
epoch: 2     time: 18
train_loss: 1.5605247815450032
SHAPE: (1024, 1024)
********
epoch: 3     time: 27
train_loss: 1.5516992864154635
SHAPE: (1024, 1024)
********
epoch: 4     time: 37
train_loss: 1.5515165272213163
SHAPE: (1024, 1024)
********
epoch: 5     time: 47
train_loss: 1.5505541108903431
SHAPE: (1024, 1024)
********
epoch: 6     time: 56
train_loss: 1.5481281394050235
SHAPE: (1024, 1024)
********
epoch: 7     time: 66
train_loss: 1.54265638760158
SHAPE: (1024, 1024)
********
epoch: 8     time: 75
train_loss: 1.5423605555579776
SHAPE: (1024, 1024)
********
epoch: 9     time: 84
train_loss: 1.5398841017768496
SHAPE: (1024, 1024)
********
epoch: 10     time: 94
train_loss: 1.535786515190488
SHAPE: (1024, 1024)
********
epoch: 11     time: 103
train_loss: 1.531112029438927
SHAPE: (1024, 1024)
********
epoch: 12     time: 112
train_loss: 1.5299021402994792
SHAPE: (1024, 1024)
********
epoch: 13     time: 121
train_loss: 1.5309652771268571
SHAPE: (1024, 1024)
********
epoch: 14     time: 130
train_loss: 1.5218125581741333
SHAPE: (1024, 1024)
********
epoch: 15     time: 141
train_loss: 1.5189364126750402
SHAPE: (1024, 1024)
********
epoch: 16     time: 150
train_loss: 1.514929669243949
SHAPE: (1024, 1024)
********
epoch: 17     time: 159
train_loss: 1.5179414295014881
SHAPE: (1024, 1024)
********
epoch: 18     time: 168
train_loss: 1.517323442867824
SHAPE: (1024, 1024)
********
epoch: 19     time: 177
train_loss: 1.5087212494441442
SHAPE: (1024, 1024)
********
epoch: 20     time: 186
train_loss: 1.5063940797533308
SHAPE: (1024, 1024)
********
epoch: 21     time: 196
train_loss: 1.5066719055175781
SHAPE: (1024, 1024)
********
epoch: 22     time: 205
train_loss: 1.500412730943589
SHAPE: (1024, 1024)
********
epoch: 23     time: 214
train_loss: 1.4978921526954287
SHAPE: (1024, 1024)
********
epoch: 24     time: 223
train_loss: 1.4934662466957456
SHAPE: (1024, 1024)
********
epoch: 25     time: 233
train_loss: 1.4954063097635906
SHAPE: (1024, 1024)
********
epoch: 26     time: 242
train_loss: 1.4883582478477841
SHAPE: (1024, 1024)
********
epoch: 27     time: 251
train_loss: 1.4914726245970953
SHAPE: (1024, 1024)
********
epoch: 28     time: 260
train_loss: 1.4877647104717435
SHAPE: (1024, 1024)
********
epoch: 29     time: 270
train_loss: 1.4866841520581926
SHAPE: (1024, 1024)
********
epoch: 30     time: 279
train_loss: 1.4839243377958025
SHAPE: (1024, 1024)
********
epoch: 31     time: 288
train_loss: 1.4762667133694602
SHAPE: (1024, 1024)
********
epoch: 32     time: 297
train_loss: 1.478870459965297
SHAPE: (1024, 1024)
********
epoch: 33     time: 306
train_loss: 1.474665602048238
SHAPE: (1024, 1024)
********
epoch: 34     time: 316
train_loss: 1.4734385354178292
SHAPE: (1024, 1024)
********
epoch: 35     time: 325
train_loss: 1.4721339203062511
SHAPE: (1024, 1024)
********
epoch: 36     time: 335
train_loss: 1.4704327072416032
SHAPE: (1024, 1024)
********
epoch: 37     time: 344
train_loss: 1.468451358023144
SHAPE: (1024, 1024)
********
epoch: 38     time: 353
train_loss: 1.462991958572751
SHAPE: (1024, 1024)
********
epoch: 39     time: 363
train_loss: 1.4607000861849104
SHAPE: (1024, 1024)
********
epoch: 40     time: 372
train_loss: 1.4593194041933333
SHAPE: (1024, 1024)
********
epoch: 41     time: 381
train_loss: 1.4585824523653304
SHAPE: (1024, 1024)
********
epoch: 42     time: 391
train_loss: 1.455912431081136
SHAPE: (1024, 1024)
********
epoch: 43     time: 400
train_loss: 1.45736867473239
SHAPE: (1024, 1024)
********
epoch: 44     time: 409
train_loss: 1.4496705248242332
SHAPE: (1024, 1024)
********
epoch: 45     time: 418
train_loss: 1.448820812361581
SHAPE: (1024, 1024)
********
epoch: 46     time: 428
train_loss: 1.445069091660636
SHAPE: (1024, 1024)
********
epoch: 47     time: 437
train_loss: 1.4446584837777274
SHAPE: (1024, 1024)
********
epoch: 48     time: 446
train_loss: 1.4422568309874761
SHAPE: (1024, 1024)
********
epoch: 49     time: 456
train_loss: 1.4390265487489247
SHAPE: (1024, 1024)
********
epoch: 50     time: 465
train_loss: 1.437642807052249
SHAPE: (1024, 1024)
********
epoch: 51     time: 474
train_loss: 1.4360441253298806
SHAPE: (1024, 1024)
********
epoch: 52     time: 483
train_loss: 1.4346575509934199
SHAPE: (1024, 1024)
********
epoch: 53     time: 493
train_loss: 1.4305609862009685
SHAPE: (1024, 1024)
********
epoch: 54     time: 502
train_loss: 1.4287669374829246
SHAPE: (1024, 1024)
********
epoch: 55     time: 511
train_loss: 1.4274546135039556
SHAPE: (1024, 1024)
********
epoch: 56     time: 521
train_loss: 1.425878303391593
SHAPE: (1024, 1024)
********
epoch: 57     time: 531
train_loss: 1.4217648733229864
SHAPE: (1024, 1024)
********
epoch: 58     time: 540
train_loss: 1.4224347103209722
SHAPE: (1024, 1024)
********
epoch: 59     time: 549
train_loss: 1.4203653051739646
SHAPE: (1024, 1024)
********
epoch: 60     time: 558
train_loss: 1.421846866607666
SHAPE: (1024, 1024)
********
epoch: 61     time: 567
train_loss: 1.4165010622569494
SHAPE: (1024, 1024)
********
epoch: 62     time: 577
train_loss: 1.4160139220101493
SHAPE: (1024, 1024)
********
epoch: 63     time: 586
train_loss: 1.4121042376472837
SHAPE: (1024, 1024)
********
epoch: 64     time: 595
train_loss: 1.408257109778268
SHAPE: (1024, 1024)
********
epoch: 65     time: 604
train_loss: 1.4064096609751384
SHAPE: (1024, 1024)
********
epoch: 66     time: 614
train_loss: 1.4096954039164953
SHAPE: (1024, 1024)
********
epoch: 67     time: 623
train_loss: 1.4044542028790428
SHAPE: (1024, 1024)
********
epoch: 68     time: 632
train_loss: 1.403555495398385
SHAPE: (1024, 1024)
********
epoch: 69     time: 641
train_loss: 1.4024404627936227
SHAPE: (1024, 1024)
********
epoch: 70     time: 650
train_loss: 1.3992348852611722
SHAPE: (1024, 1024)
********
epoch: 71     time: 659
train_loss: 1.3960336560294742
SHAPE: (1024, 1024)
********
epoch: 72     time: 669
train_loss: 1.3950793856666202
SHAPE: (1024, 1024)
********
epoch: 73     time: 678
train_loss: 1.3965280680429368
SHAPE: (1024, 1024)
********
epoch: 74     time: 687
train_loss: 1.394274700255621
SHAPE: (1024, 1024)
********
epoch: 75     time: 696
train_loss: 1.3922039838064284
SHAPE: (1024, 1024)
********
epoch: 76     time: 705
train_loss: 1.3888943138576688
SHAPE: (1024, 1024)
********
epoch: 77     time: 714
train_loss: 1.3898743845167614
SHAPE: (1024, 1024)
********
epoch: 78     time: 724
train_loss: 1.3855637084870112
SHAPE: (1024, 1024)
********
epoch: 79     time: 733
train_loss: 1.3815603767122542
SHAPE: (1024, 1024)
********
epoch: 80     time: 742
train_loss: 1.383776653380621
SHAPE: (1024, 1024)
********
epoch: 81     time: 751
train_loss: 1.3810399259839738
SHAPE: (1024, 1024)
********
epoch: 82     time: 761
train_loss: 1.3809093180156888
SHAPE: (1024, 1024)
********
epoch: 83     time: 770
train_loss: 1.380282311212449
SHAPE: (1024, 1024)
********
epoch: 84     time: 779
train_loss: 1.3797653062003
SHAPE: (1024, 1024)
********
epoch: 85     time: 788
train_loss: 1.3762230418977284
SHAPE: (1024, 1024)
********
epoch: 86     time: 797
train_loss: 1.3726869026819866
SHAPE: (1024, 1024)
********
epoch: 87     time: 807
train_loss: 1.3728219384238833
SHAPE: (1024, 1024)
********
epoch: 88     time: 816
train_loss: 1.3704649323508853
SHAPE: (1024, 1024)
********
epoch: 89     time: 825
train_loss: 1.3696748869759696
SHAPE: (1024, 1024)
********
epoch: 90     time: 834
train_loss: 1.366768206868853
SHAPE: (1024, 1024)
********
epoch: 91     time: 843
train_loss: 1.3645972864968436
SHAPE: (1024, 1024)
********
epoch: 92     time: 852
train_loss: 1.3659769183113462
SHAPE: (1024, 1024)
********
epoch: 93     time: 861
train_loss: 1.3651127872012911
SHAPE: (1024, 1024)
********
epoch: 94     time: 870
train_loss: 1.3630941538583665
SHAPE: (1024, 1024)
********
epoch: 95     time: 879
train_loss: 1.3600517454601468
SHAPE: (1024, 1024)
********
epoch: 96     time: 889
train_loss: 1.3574213697796775
SHAPE: (1024, 1024)
********
epoch: 97     time: 898
train_loss: 1.3578993990307762
SHAPE: (1024, 1024)
********
epoch: 98     time: 907
train_loss: 1.3550499280293782
SHAPE: (1024, 1024)
********
epoch: 99     time: 917
train_loss: 1.3540414855593728
SHAPE: (1024, 1024)
********
epoch: 100     time: 926
train_loss: 1.353552676382519
SHAPE: (1024, 1024)
********
epoch: 101     time: 935
train_loss: 1.3514662867500669
SHAPE: (1024, 1024)
********
epoch: 102     time: 944
train_loss: 1.3502977178210305
SHAPE: (1024, 1024)
********
epoch: 103     time: 954
train_loss: 1.3498028970900036
SHAPE: (1024, 1024)
********
epoch: 104     time: 963
train_loss: 1.350172338031587
SHAPE: (1024, 1024)
********
epoch: 105     time: 972
train_loss: 1.3495030800501506
SHAPE: (1024, 1024)
********
epoch: 106     time: 981
train_loss: 1.3460426671164376
SHAPE: (1024, 1024)
********
epoch: 107     time: 990
train_loss: 1.3456555832000006
SHAPE: (1024, 1024)
********
epoch: 108     time: 1000
train_loss: 1.3452804485956829
SHAPE: (1024, 1024)
********
epoch: 109     time: 1009
train_loss: 1.3429576726186843
SHAPE: (1024, 1024)
********
epoch: 110     time: 1018
train_loss: 1.3425369830358596
SHAPE: (1024, 1024)
********
epoch: 111     time: 1027
train_loss: 1.3380286693572998
SHAPE: (1024, 1024)
********
epoch: 112     time: 1036
train_loss: 1.3373891796384538
SHAPE: (1024, 1024)
********
epoch: 113     time: 1045
train_loss: 1.3393692118780953
SHAPE: (1024, 1024)
********
epoch: 114     time: 1054
train_loss: 1.334961215655009
SHAPE: (1024, 1024)
********
epoch: 115     time: 1064
train_loss: 1.3336778027670724
SHAPE: (1024, 1024)
********
epoch: 116     time: 1073
train_loss: 1.3327229022979736
SHAPE: (1024, 1024)
********
epoch: 117     time: 1082
train_loss: 1.3327987080528623
SHAPE: (1024, 1024)
********
epoch: 118     time: 1091
train_loss: 1.329447661127363
SHAPE: (1024, 1024)
********
epoch: 119     time: 1100
train_loss: 1.3284050112678891
SHAPE: (1024, 1024)
********
epoch: 120     time: 1110
train_loss: 1.3312419312340873
SHAPE: (1024, 1024)
********
epoch: 121     time: 1119
train_loss: 1.3287703480039323
SHAPE: (1024, 1024)
********
epoch: 122     time: 1128
train_loss: 1.3276024602708363
SHAPE: (1024, 1024)
********
epoch: 123     time: 1137
train_loss: 1.3249427647817702
SHAPE: (1024, 1024)
********
epoch: 124     time: 1147
train_loss: 1.3237691493261428
SHAPE: (1024, 1024)
********
epoch: 125     time: 1156
train_loss: 1.3224891764777047
SHAPE: (1024, 1024)
********
epoch: 126     time: 1165
train_loss: 1.3218748342423212
SHAPE: (1024, 1024)
********
epoch: 127     time: 1174
train_loss: 1.3199694156646729
SHAPE: (1024, 1024)
********
epoch: 128     time: 1183
train_loss: 1.3192502487273443
SHAPE: (1024, 1024)
********
epoch: 129     time: 1193
train_loss: 1.3190434660230363
SHAPE: (1024, 1024)
********
epoch: 130     time: 1202
train_loss: 1.3189618757792883
SHAPE: (1024, 1024)
********
epoch: 131     time: 1211
train_loss: 1.317485599290757
SHAPE: (1024, 1024)
********
epoch: 132     time: 1220
train_loss: 1.3150674047924222
SHAPE: (1024, 1024)
********
epoch: 133     time: 1229
train_loss: 1.3145380020141602
SHAPE: (1024, 1024)
********
epoch: 134     time: 1239
train_loss: 1.3129997650782268
SHAPE: (1024, 1024)
********
epoch: 135     time: 1248
train_loss: 1.31218079158238
SHAPE: (1024, 1024)
********
epoch: 136     time: 1257
train_loss: 1.3110984450294858
SHAPE: (1024, 1024)
********
epoch: 137     time: 1266
train_loss: 1.3104152055013747
SHAPE: (1024, 1024)
********
epoch: 138     time: 1276
train_loss: 1.3088306926545643
SHAPE: (1024, 1024)
********
epoch: 139     time: 1285
train_loss: 1.308511217435201
SHAPE: (1024, 1024)
********
epoch: 140     time: 1294
train_loss: 1.3074504477637154
SHAPE: (1024, 1024)
********
epoch: 141     time: 1304
train_loss: 1.3068711871192569
SHAPE: (1024, 1024)
********
epoch: 142     time: 1313
train_loss: 1.3057125636509486
SHAPE: (1024, 1024)
********
epoch: 143     time: 1322
train_loss: 1.3045011645271665
SHAPE: (1024, 1024)
********
epoch: 144     time: 1331
train_loss: 1.3043991270519437
SHAPE: (1024, 1024)
********
epoch: 145     time: 1341
train_loss: 1.3018289747692289
SHAPE: (1024, 1024)
********
epoch: 146     time: 1350
train_loss: 1.3028994571594965
SHAPE: (1024, 1024)
********
epoch: 147     time: 1359
train_loss: 1.3015920491445632
SHAPE: (1024, 1024)
********
epoch: 148     time: 1368
train_loss: 1.300558430807931
SHAPE: (1024, 1024)
********
epoch: 149     time: 1377
train_loss: 1.2997243574687414
SHAPE: (1024, 1024)
********
epoch: 150     time: 1386
train_loss: 1.297898916971116
SHAPE: (1024, 1024)
********
epoch: 151     time: 1396
train_loss: 1.2986283188774472
SHAPE: (1024, 1024)
********
epoch: 152     time: 1405
train_loss: 1.2963957218896776
SHAPE: (1024, 1024)
********
epoch: 153     time: 1415
train_loss: 1.2967054787136258
SHAPE: (1024, 1024)
********
epoch: 154     time: 1424
train_loss: 1.2937311501730056
SHAPE: (1024, 1024)
********
epoch: 155     time: 1433
train_loss: 1.2934529440743583
SHAPE: (1024, 1024)
********
epoch: 156     time: 1442
train_loss: 1.2924108391716367
SHAPE: (1024, 1024)
********
epoch: 157     time: 1451
train_loss: 1.292777759688241
SHAPE: (1024, 1024)
********
epoch: 158     time: 1460
train_loss: 1.2914981160845076
SHAPE: (1024, 1024)
********
epoch: 159     time: 1469
train_loss: 1.290028486933027
SHAPE: (1024, 1024)
********
epoch: 160     time: 1479
train_loss: 1.2899891819272722
SHAPE: (1024, 1024)
********
epoch: 161     time: 1488
train_loss: 1.289116240683056
SHAPE: (1024, 1024)
********
epoch: 162     time: 1497
train_loss: 1.288381746837071
SHAPE: (1024, 1024)
********
epoch: 163     time: 1507
train_loss: 1.2888704197747367
SHAPE: (1024, 1024)
********
epoch: 164     time: 1516
train_loss: 1.2880163533346993
SHAPE: (1024, 1024)
********
epoch: 165     time: 1525
train_loss: 1.2856406086967105
SHAPE: (1024, 1024)
********
epoch: 166     time: 1534
train_loss: 1.2852579752604167
SHAPE: (1024, 1024)
********
epoch: 167     time: 1543
train_loss: 1.2869224037442888
SHAPE: (1024, 1024)
********
epoch: 168     time: 1552
train_loss: 1.2838767483120872
SHAPE: (1024, 1024)
********
epoch: 169     time: 1561
train_loss: 1.2832064969199044
SHAPE: (1024, 1024)
********
epoch: 170     time: 1571
train_loss: 1.282005889075143
SHAPE: (1024, 1024)
********
epoch: 171     time: 1580
train_loss: 1.2826232683090937
SHAPE: (1024, 1024)
********
epoch: 172     time: 1589
train_loss: 1.2816665910539173
SHAPE: (1024, 1024)
********
epoch: 173     time: 1598
train_loss: 1.2808170318603516
SHAPE: (1024, 1024)
********
epoch: 174     time: 1608
train_loss: 1.2809781630833943
SHAPE: (1024, 1024)
********
epoch: 175     time: 1617
train_loss: 1.2783310924257552
SHAPE: (1024, 1024)
********
epoch: 176     time: 1626
train_loss: 1.2778719323022025
SHAPE: (1024, 1024)
********
epoch: 177     time: 1635
train_loss: 1.2781521933419364
SHAPE: (1024, 1024)
********
epoch: 178     time: 1644
train_loss: 1.2769092321395874
SHAPE: (1024, 1024)
********
epoch: 179     time: 1653
train_loss: 1.2760235525312877
SHAPE: (1024, 1024)
********
epoch: 180     time: 1662
train_loss: 1.2764665285746257
SHAPE: (1024, 1024)
********
epoch: 181     time: 1671
train_loss: 1.2748582987558275
SHAPE: (1024, 1024)
********
epoch: 182     time: 1681
train_loss: 1.273740598133632
SHAPE: (1024, 1024)
********
epoch: 183     time: 1691
train_loss: 1.2749629418055217
SHAPE: (1024, 1024)
********
epoch: 184     time: 1699
train_loss: 1.2729193369547527
SHAPE: (1024, 1024)
********
epoch: 185     time: 1709
train_loss: 1.2732216119766235
SHAPE: (1024, 1024)
********
epoch: 186     time: 1718
train_loss: 1.2725617715290614
SHAPE: (1024, 1024)
********
epoch: 187     time: 1727
train_loss: 1.2727821895054408
SHAPE: (1024, 1024)
********
epoch: 188     time: 1736
train_loss: 1.2716360886891682
SHAPE: (1024, 1024)
********
epoch: 189     time: 1745
train_loss: 1.2694918995811826
SHAPE: (1024, 1024)
********
epoch: 190     time: 1754
train_loss: 1.2696454241162254
SHAPE: (1024, 1024)
********
epoch: 191     time: 1763
train_loss: 1.2686977556773595
SHAPE: (1024, 1024)
********
epoch: 192     time: 1773
train_loss: 1.268728256225586
SHAPE: (1024, 1024)
********
epoch: 193     time: 1781
train_loss: 1.2674967618215651
SHAPE: (1024, 1024)
********
epoch: 194     time: 1791
train_loss: 1.266652266184489
SHAPE: (1024, 1024)
********
epoch: 195     time: 1800
train_loss: 1.2664491505849929
SHAPE: (1024, 1024)
********
epoch: 196     time: 1809
train_loss: 1.268229359672183
SHAPE: (1024, 1024)
********
epoch: 197     time: 1818
train_loss: 1.2656295413062686
SHAPE: (1024, 1024)
********
epoch: 198     time: 1827
train_loss: 1.2646396387191046
SHAPE: (1024, 1024)
********
epoch: 199     time: 1837
train_loss: 1.2640812794367473
SHAPE: (1024, 1024)
********
epoch: 200     time: 1846
train_loss: 1.2634147178559076
SHAPE: (1024, 1024)
********
epoch: 201     time: 1855
train_loss: 1.2626304626464844
SHAPE: (1024, 1024)
********
epoch: 202     time: 1864
train_loss: 1.2644810335976737
SHAPE: (1024, 1024)
********
epoch: 203     time: 1874
train_loss: 1.261349814278739
SHAPE: (1024, 1024)
********
epoch: 204     time: 1883
train_loss: 1.261658333596729
SHAPE: (1024, 1024)
********
epoch: 205     time: 1892
train_loss: 1.2603221564065843
SHAPE: (1024, 1024)
********
epoch: 206     time: 1902
train_loss: 1.260282936550322
SHAPE: (1024, 1024)
********
epoch: 207     time: 1911
train_loss: 1.2597503207978749
SHAPE: (1024, 1024)
********
epoch: 208     time: 1920
train_loss: 1.260305364926656
SHAPE: (1024, 1024)
********
epoch: 209     time: 1929
train_loss: 1.259070771081107
SHAPE: (1024, 1024)
********
epoch: 210     time: 1938
train_loss: 1.259222882134574
SHAPE: (1024, 1024)
********
epoch: 211     time: 1947
train_loss: 1.2572206485839117
SHAPE: (1024, 1024)
********
epoch: 212     time: 1956
train_loss: 1.2576183818635487
SHAPE: (1024, 1024)
********
epoch: 213     time: 1966
train_loss: 1.2570213079452515
SHAPE: (1024, 1024)
********
epoch: 214     time: 1975
train_loss: 1.2560127973556519
SHAPE: (1024, 1024)
********
epoch: 215     time: 1984
train_loss: 1.2549434786751157
SHAPE: (1024, 1024)
********
epoch: 216     time: 1994
train_loss: 1.2545758599326724
SHAPE: (1024, 1024)
********
epoch: 217     time: 2003
train_loss: 1.2546923955281575
SHAPE: (1024, 1024)
********
epoch: 218     time: 2012
train_loss: 1.255211659840175
SHAPE: (1024, 1024)
********
epoch: 219     time: 2021
train_loss: 1.2557806911922635
SHAPE: (1024, 1024)
********
epoch: 220     time: 2030
train_loss: 1.2539294503983998
SHAPE: (1024, 1024)
********
epoch: 221     time: 2039
train_loss: 1.2531754970550537
SHAPE: (1024, 1024)
********
epoch: 222     time: 2048
train_loss: 1.2538969630286807
SHAPE: (1024, 1024)
********
epoch: 223     time: 2057
train_loss: 1.2527700719379244
SHAPE: (1024, 1024)
********
epoch: 224     time: 2067
train_loss: 1.2516621862139021
SHAPE: (1024, 1024)
********
epoch: 225     time: 2076
train_loss: 1.2514960311707997
SHAPE: (1024, 1024)
********
epoch: 226     time: 2085
train_loss: 1.2508075407573156
SHAPE: (1024, 1024)
********
epoch: 227     time: 2094
train_loss: 1.25128892489842
SHAPE: (1024, 1024)
********
epoch: 228     time: 2103
train_loss: 1.2508828469685145
SHAPE: (1024, 1024)
********
epoch: 229     time: 2112
train_loss: 1.2510953857785179
SHAPE: (1024, 1024)
********
epoch: 230     time: 2121
train_loss: 1.24971946648189
SHAPE: (1024, 1024)
********
epoch: 231     time: 2130
train_loss: 1.2489499705178397
SHAPE: (1024, 1024)
********
epoch: 232     time: 2140
train_loss: 1.249485731124878
SHAPE: (1024, 1024)
********
epoch: 233     time: 2149
train_loss: 1.2486703736441476
SHAPE: (1024, 1024)
********
epoch: 234     time: 2159
train_loss: 1.2483573357264202
SHAPE: (1024, 1024)
********
epoch: 235     time: 2168
train_loss: 1.2481008768081665
SHAPE: (1024, 1024)
********
epoch: 236     time: 2177
train_loss: 1.248188194774446
SHAPE: (1024, 1024)
********
epoch: 237     time: 2186
train_loss: 1.2471136308851696
SHAPE: (1024, 1024)
********
epoch: 238     time: 2195
train_loss: 1.246945029213315
SHAPE: (1024, 1024)
********
epoch: 239     time: 2204
train_loss: 1.2458710954302834
SHAPE: (1024, 1024)
********
epoch: 240     time: 2214
train_loss: 1.2459939207349504
SHAPE: (1024, 1024)
********
epoch: 241     time: 2223
train_loss: 1.2479828085218156
SHAPE: (1024, 1024)
********
epoch: 242     time: 2231
train_loss: 1.2493178901218234
SHAPE: (1024, 1024)
********
epoch: 243     time: 2240
train_loss: 1.243577866327195
SHAPE: (1024, 1024)
********
epoch: 244     time: 2250
train_loss: 1.246431725365775
SHAPE: (1024, 1024)
********
epoch: 245     time: 2259
train_loss: 1.2453879288264684
SHAPE: (1024, 1024)
********
epoch: 246     time: 2268
train_loss: 1.2440522398267473
SHAPE: (1024, 1024)
********
epoch: 247     time: 2277
train_loss: 1.2436617215474446
SHAPE: (1024, 1024)
********
epoch: 248     time: 2286
train_loss: 1.2475155421665736
SHAPE: (1024, 1024)
********
epoch: 249     time: 2295
train_loss: 1.2449965647288732
SHAPE: (1024, 1024)
********
epoch: 250     time: 2304
train_loss: 1.2460771572022211
SHAPE: (1024, 1024)
early stop at 250 epoch
Finish!
