********
epoch: 1     time: 20
train_loss: 1.5149333747950466
SHAPE: (1024, 1024)
********
epoch: 2     time: 40
train_loss: 1.315331442789598
SHAPE: (1024, 1024)
********
epoch: 3     time: 60
train_loss: 1.004302211783149
SHAPE: (1024, 1024)
********
epoch: 4     time: 80
train_loss: 0.7768379612402483
SHAPE: (1024, 1024)
********
epoch: 5     time: 100
train_loss: 0.5951596850698645
SHAPE: (1024, 1024)
********
epoch: 6     time: 121
train_loss: 0.5254466222091154
SHAPE: (1024, 1024)
********
epoch: 7     time: 141
train_loss: 0.506815189665014
SHAPE: (1024, 1024)
********
epoch: 8     time: 161
train_loss: 0.482149137692018
SHAPE: (1024, 1024)
********
epoch: 9     time: 181
train_loss: 0.4575020210309462
SHAPE: (1024, 1024)
********
epoch: 10     time: 201
train_loss: 0.43392114341259
SHAPE: (1024, 1024)
********
epoch: 11     time: 221
train_loss: 0.39052523943510925
SHAPE: (1024, 1024)
********
epoch: 12     time: 241
train_loss: 0.3063348958438093
SHAPE: (1024, 1024)
********
epoch: 13     time: 262
train_loss: 0.17309868877584283
SHAPE: (1024, 1024)
********
epoch: 14     time: 282
train_loss: 0.11344101957299492
SHAPE: (1024, 1024)
********
epoch: 15     time: 302
train_loss: 0.09741568277505311
SHAPE: (1024, 1024)
********
epoch: 16     time: 322
train_loss: 0.09292170456187292
SHAPE: (1024, 1024)
********
epoch: 17     time: 343
train_loss: 0.08383031477305022
SHAPE: (1024, 1024)
********
epoch: 18     time: 363
train_loss: 0.07248093221675266
SHAPE: (1024, 1024)
********
epoch: 19     time: 383
train_loss: 0.06721465679054911
SHAPE: (1024, 1024)
********
epoch: 20     time: 403
train_loss: 0.06404252333397215
SHAPE: (1024, 1024)
********
epoch: 21     time: 423
train_loss: 0.05872705925933339
SHAPE: (1024, 1024)
********
epoch: 22     time: 443
train_loss: 0.060542631555687294
SHAPE: (1024, 1024)
********
epoch: 23     time: 463
train_loss: 0.057411507618698204
SHAPE: (1024, 1024)
********
epoch: 24     time: 483
train_loss: 0.05654633841054006
SHAPE: (1024, 1024)
********
epoch: 25     time: 503
train_loss: 0.054402876645326614
SHAPE: (1024, 1024)
********
epoch: 26     time: 523
train_loss: 0.08036165887659247
SHAPE: (1024, 1024)
********
epoch: 27     time: 543
train_loss: 0.14668361927297982
SHAPE: (1024, 1024)
********
epoch: 28     time: 563
train_loss: 0.10896582596681335
SHAPE: (1024, 1024)
********
epoch: 29     time: 583
train_loss: 0.09910009310326794
SHAPE: (1024, 1024)
********
epoch: 30     time: 603
train_loss: 0.07187592255120928
SHAPE: (1024, 1024)
********
epoch: 31     time: 623
train_loss: 0.04970221297646111
SHAPE: (1024, 1024)
********
epoch: 32     time: 643
train_loss: 0.049658440561457115
SHAPE: (1024, 1024)
********
epoch: 33     time: 663
train_loss: 0.0593005298552188
SHAPE: (1024, 1024)
********
epoch: 34     time: 683
train_loss: 0.049785532226616684
SHAPE: (1024, 1024)
********
epoch: 35     time: 703
train_loss: 0.05045396834611893
SHAPE: (1024, 1024)
********
epoch: 36     time: 723
train_loss: 0.047011044384403664
SHAPE: (1024, 1024)
********
epoch: 37     time: 743
train_loss: 0.052502056922424926
SHAPE: (1024, 1024)
********
epoch: 38     time: 763
train_loss: 0.08528228544376114
SHAPE: (1024, 1024)
********
epoch: 39     time: 783
train_loss: 0.048917050727389076
SHAPE: (1024, 1024)
********
epoch: 40     time: 803
train_loss: 0.0902574976736849
SHAPE: (1024, 1024)
********
epoch: 41     time: 823
train_loss: 0.04902972856705839
SHAPE: (1024, 1024)
********
epoch: 42     time: 843
train_loss: 0.05176209692250599
SHAPE: (1024, 1024)
Finish!
