********
epoch: 1     time: 20
train_loss: 1.5145750858566978
SHAPE: (1024, 1024)
********
epoch: 2     time: 40
train_loss: 1.2927318919788708
SHAPE: (1024, 1024)
********
epoch: 3     time: 61
train_loss: 0.9445388262922113
SHAPE: (1024, 1024)
********
epoch: 4     time: 81
train_loss: 0.6878782348199324
SHAPE: (1024, 1024)
********
epoch: 5     time: 102
train_loss: 0.5912659384987571
SHAPE: (1024, 1024)
********
epoch: 6     time: 122
train_loss: 0.5406268658963117
SHAPE: (1024, 1024)
********
epoch: 7     time: 143
train_loss: 0.4893262589519674
SHAPE: (1024, 1024)
********
epoch: 8     time: 163
train_loss: 0.4798209152438424
SHAPE: (1024, 1024)
********
epoch: 9     time: 184
train_loss: 0.4583274166692387
SHAPE: (1024, 1024)
********
epoch: 10     time: 204
train_loss: 0.43860428306189453
SHAPE: (1024, 1024)
********
epoch: 11     time: 225
train_loss: 0.4264125268567692
SHAPE: (1024, 1024)
********
epoch: 12     time: 245
train_loss: 0.3857999335635792
SHAPE: (1024, 1024)
********
epoch: 13     time: 266
train_loss: 0.30852398344061593
SHAPE: (1024, 1024)
********
epoch: 14     time: 286
train_loss: 0.18663468516685747
SHAPE: (1024, 1024)
********
epoch: 15     time: 307
train_loss: 0.10619928840209138
SHAPE: (1024, 1024)
********
epoch: 16     time: 327
train_loss: 0.09481098265810446
SHAPE: (1024, 1024)
********
epoch: 17     time: 348
train_loss: 0.08751274408264594
SHAPE: (1024, 1024)
********
epoch: 18     time: 368
train_loss: 0.07683628069406206
SHAPE: (1024, 1024)
********
epoch: 19     time: 389
train_loss: 0.07326274686916308
SHAPE: (1024, 1024)
********
epoch: 20     time: 409
train_loss: 0.06160546652972698
SHAPE: (1024, 1024)
********
epoch: 21     time: 430
train_loss: 0.05864047445356846
SHAPE: (1024, 1024)
********
epoch: 22     time: 450
train_loss: 0.05911696668375622
SHAPE: (1024, 1024)
********
epoch: 23     time: 471
train_loss: 0.059633289548483764
SHAPE: (1024, 1024)
********
epoch: 24     time: 491
train_loss: 0.05356862903995947
SHAPE: (1024, 1024)
********
epoch: 25     time: 511
train_loss: 0.049964957955208694
SHAPE: (1024, 1024)
********
epoch: 26     time: 532
train_loss: 0.0476677075705745
SHAPE: (1024, 1024)
********
epoch: 27     time: 552
train_loss: 0.044687918133356354
SHAPE: (1024, 1024)
********
epoch: 28     time: 573
train_loss: 0.045949967578053474
SHAPE: (1024, 1024)
********
epoch: 29     time: 593
train_loss: 0.04805070009421219
SHAPE: (1024, 1024)
********
epoch: 30     time: 613
train_loss: 0.043296162970364094
SHAPE: (1024, 1024)
********
epoch: 31     time: 634
train_loss: 0.04571256583387202
SHAPE: (1024, 1024)
********
epoch: 32     time: 654
train_loss: 0.06586789102716879
SHAPE: (1024, 1024)
********
epoch: 33     time: 674
train_loss: 0.08522465808147733
SHAPE: (1024, 1024)
********
epoch: 34     time: 695
train_loss: 0.07514158890328625
SHAPE: (1024, 1024)
********
epoch: 35     time: 715
train_loss: 0.03892876986752857
SHAPE: (1024, 1024)
********
epoch: 36     time: 736
train_loss: 0.038062389347363605
SHAPE: (1024, 1024)
********
epoch: 37     time: 756
train_loss: 0.036252772266214546
SHAPE: (1024, 1024)
********
epoch: 38     time: 777
train_loss: 0.03623441064899618
SHAPE: (1024, 1024)
********
epoch: 39     time: 797
train_loss: 0.03565405097536065
SHAPE: (1024, 1024)
********
epoch: 40     time: 818
train_loss: 0.03547430317848921
SHAPE: (1024, 1024)
********
epoch: 41     time: 838
train_loss: 0.035674993372098965
SHAPE: (1024, 1024)
********
epoch: 42     time: 858
train_loss: 0.034660478461195125
SHAPE: (1024, 1024)
********
epoch: 43     time: 879
train_loss: 0.03392857702618295
SHAPE: (1024, 1024)
********
epoch: 44     time: 899
train_loss: 0.03344602324068546
SHAPE: (1024, 1024)
********
epoch: 45     time: 920
train_loss: 0.03336166785183278
SHAPE: (1024, 1024)
********
epoch: 46     time: 940
train_loss: 0.03323805874044245
SHAPE: (1024, 1024)
********
epoch: 47     time: 961
train_loss: 0.032755786891688
SHAPE: (1024, 1024)
********
epoch: 48     time: 981
train_loss: 0.0379399067976258
SHAPE: (1024, 1024)
********
epoch: 49     time: 1001
train_loss: 0.036205823279239914
SHAPE: (1024, 1024)
********
epoch: 50     time: 1022
train_loss: 0.03358156191693111
SHAPE: (1024, 1024)
********
epoch: 51     time: 1042
train_loss: 0.03230970031158491
SHAPE: (1024, 1024)
********
epoch: 52     time: 1063
train_loss: 0.031517120586200195
SHAPE: (1024, 1024)
********
epoch: 53     time: 1083
train_loss: 0.032122701152481815
SHAPE: (1024, 1024)
********
epoch: 54     time: 1103
train_loss: 0.031446788206019184
SHAPE: (1024, 1024)
********
epoch: 55     time: 1124
train_loss: 0.030214319174939937
SHAPE: (1024, 1024)
********
epoch: 56     time: 1144
train_loss: 0.031787287782539024
SHAPE: (1024, 1024)
********
epoch: 57     time: 1164
train_loss: 0.030564530413936485
SHAPE: (1024, 1024)
********
epoch: 58     time: 1185
train_loss: 0.030332609164443882
SHAPE: (1024, 1024)
********
epoch: 59     time: 1205
train_loss: 0.030084699815647167
SHAPE: (1024, 1024)
********
epoch: 60     time: 1225
train_loss: 0.029643624512986702
SHAPE: (1024, 1024)
********
epoch: 61     time: 1245
train_loss: 0.02899278285489841
SHAPE: (1024, 1024)
********
epoch: 62     time: 1266
train_loss: 0.028973178514702755
SHAPE: (1024, 1024)
********
epoch: 63     time: 1286
train_loss: 0.029114100912755184
SHAPE: (1024, 1024)
********
epoch: 64     time: 1306
train_loss: 0.029246688143096188
SHAPE: (1024, 1024)
********
epoch: 65     time: 1326
train_loss: 0.02800501510500908
SHAPE: (1024, 1024)
********
epoch: 66     time: 1347
train_loss: 0.02828066465868191
SHAPE: (1024, 1024)
********
epoch: 67     time: 1367
train_loss: 0.02792769551954486
SHAPE: (1024, 1024)
********
epoch: 68     time: 1387
train_loss: 0.027200266549533062
SHAPE: (1024, 1024)
********
epoch: 69     time: 1408
train_loss: 0.028398877433077854
SHAPE: (1024, 1024)
********
epoch: 70     time: 1428
train_loss: 0.027120978571474552
SHAPE: (1024, 1024)
********
epoch: 71     time: 1448
train_loss: 0.027013612741773777
SHAPE: (1024, 1024)
********
epoch: 72     time: 1469
train_loss: 0.026911565695296635
SHAPE: (1024, 1024)
********
epoch: 73     time: 1489
train_loss: 0.026519879360090603
SHAPE: (1024, 1024)
********
epoch: 74     time: 1510
train_loss: 0.02603907087309794
SHAPE: (1024, 1024)
********
epoch: 75     time: 1530
train_loss: 0.026166097599674355
SHAPE: (1024, 1024)
********
epoch: 76     time: 1550
train_loss: 0.026028510437093
SHAPE: (1024, 1024)
********
epoch: 77     time: 1571
train_loss: 0.02552452954378995
SHAPE: (1024, 1024)
********
epoch: 78     time: 1592
train_loss: 0.025348826861855658
SHAPE: (1024, 1024)
********
epoch: 79     time: 1612
train_loss: 0.02538579541512511
SHAPE: (1024, 1024)
********
epoch: 80     time: 1633
train_loss: 0.025101661343466152
SHAPE: (1024, 1024)
********
epoch: 81     time: 1653
train_loss: 0.025216634639284828
SHAPE: (1024, 1024)
********
epoch: 82     time: 1673
train_loss: 0.025037645108320496
SHAPE: (1024, 1024)
********
epoch: 83     time: 1694
train_loss: 0.024400250054895878
SHAPE: (1024, 1024)
********
epoch: 84     time: 1714
train_loss: 0.024484361606565388
SHAPE: (1024, 1024)
********
epoch: 85     time: 1734
train_loss: 0.024347497150301933
SHAPE: (1024, 1024)
********
epoch: 86     time: 1755
train_loss: 0.023999419825320892
SHAPE: (1024, 1024)
********
epoch: 87     time: 1775
train_loss: 0.023562719960781662
SHAPE: (1024, 1024)
********
epoch: 88     time: 1796
train_loss: 0.023318414915014397
SHAPE: (1024, 1024)
********
epoch: 89     time: 1816
train_loss: 0.02327773863957687
SHAPE: (1024, 1024)
********
epoch: 90     time: 1836
train_loss: 0.02355013406750831
SHAPE: (1024, 1024)
********
epoch: 91     time: 1857
train_loss: 0.023037305440415035
SHAPE: (1024, 1024)
********
epoch: 92     time: 1877
train_loss: 0.0230568443340334
SHAPE: (1024, 1024)
********
epoch: 93     time: 1897
train_loss: 0.023080517156896265
SHAPE: (1024, 1024)
********
epoch: 94     time: 1917
train_loss: 0.022634801370176403
SHAPE: (1024, 1024)
********
epoch: 95     time: 1938
train_loss: 0.02250737819651311
SHAPE: (1024, 1024)
********
epoch: 96     time: 1959
train_loss: 0.022358432073484768
SHAPE: (1024, 1024)
********
epoch: 97     time: 1979
train_loss: 0.021812289487570524
SHAPE: (1024, 1024)
********
epoch: 98     time: 2000
train_loss: 0.021852893839505585
SHAPE: (1024, 1024)
********
epoch: 99     time: 2020
train_loss: 0.021920616399835457
SHAPE: (1024, 1024)
********
epoch: 100     time: 2040
train_loss: 0.021737615620209413
SHAPE: (1024, 1024)
********
epoch: 101     time: 2061
train_loss: 0.022150121925568037
SHAPE: (1024, 1024)
********
epoch: 102     time: 2081
train_loss: 0.02164039197801189
SHAPE: (1024, 1024)
********
epoch: 103     time: 2101
train_loss: 0.02215590150180188
SHAPE: (1024, 1024)
********
epoch: 104     time: 2121
train_loss: 0.021924511529505253
SHAPE: (1024, 1024)
********
epoch: 105     time: 2141
train_loss: 0.020445554559542375
SHAPE: (1024, 1024)
********
epoch: 106     time: 2162
train_loss: 0.020845210179686546
SHAPE: (1024, 1024)
********
epoch: 107     time: 2182
train_loss: 0.0210711275735362
SHAPE: (1024, 1024)
********
epoch: 108     time: 2202
train_loss: 0.02053776595064185
SHAPE: (1024, 1024)
********
epoch: 109     time: 2222
train_loss: 0.02065918937494809
SHAPE: (1024, 1024)
********
epoch: 110     time: 2243
train_loss: 0.02074822453273968
SHAPE: (1024, 1024)
********
epoch: 111     time: 2263
train_loss: 0.021056149366565725
SHAPE: (1024, 1024)
********
epoch: 112     time: 2283
train_loss: 0.02073550063439391
SHAPE: (1024, 1024)
early stop at 112 epoch
Finish!
