********
epoch: 1     time: 9
train_loss: 1.5488166071119762
SHAPE: (1024, 1024)
********
epoch: 2     time: 18
train_loss: 1.5264958710897536
SHAPE: (1024, 1024)
********
epoch: 3     time: 28
train_loss: 1.5121251628512429
SHAPE: (1024, 1024)
********
epoch: 4     time: 37
train_loss: 1.4865584487006778
SHAPE: (1024, 1024)
********
epoch: 5     time: 46
train_loss: 1.4733907324927193
SHAPE: (1024, 1024)
********
epoch: 6     time: 55
train_loss: 1.4527731736501057
SHAPE: (1024, 1024)
********
epoch: 7     time: 65
train_loss: 1.4356360946382796
SHAPE: (1024, 1024)
********
epoch: 8     time: 74
train_loss: 1.422237061318897
SHAPE: (1024, 1024)
********
epoch: 9     time: 83
train_loss: 1.4120952118010748
SHAPE: (1024, 1024)
********
epoch: 10     time: 92
train_loss: 1.3959971382504417
SHAPE: (1024, 1024)
********
epoch: 11     time: 101
train_loss: 1.3832521041234334
SHAPE: (1024, 1024)
********
epoch: 12     time: 111
train_loss: 1.3730915046873546
SHAPE: (1024, 1024)
********
epoch: 13     time: 120
train_loss: 1.3610495783033825
SHAPE: (1024, 1024)
********
epoch: 14     time: 129
train_loss: 1.3517922446841286
SHAPE: (1024, 1024)
********
epoch: 15     time: 138
train_loss: 1.3417211714245023
SHAPE: (1024, 1024)
********
epoch: 16     time: 147
train_loss: 1.3341168392272222
SHAPE: (1024, 1024)
********
epoch: 17     time: 157
train_loss: 1.3263393016088576
SHAPE: (1024, 1024)
********
epoch: 18     time: 167
train_loss: 1.3178399290357317
SHAPE: (1024, 1024)
********
epoch: 19     time: 176
train_loss: 1.3109333628699893
SHAPE: (1024, 1024)
********
epoch: 20     time: 185
train_loss: 1.303487737973531
SHAPE: (1024, 1024)
********
epoch: 21     time: 194
train_loss: 1.297939624105181
SHAPE: (1024, 1024)
********
epoch: 22     time: 203
train_loss: 1.2919660522824241
SHAPE: (1024, 1024)
********
epoch: 23     time: 213
train_loss: 1.2872707446416218
SHAPE: (1024, 1024)
********
epoch: 24     time: 222
train_loss: 1.2819143249875022
SHAPE: (1024, 1024)
********
epoch: 25     time: 231
train_loss: 1.2779110783622378
SHAPE: (1024, 1024)
********
epoch: 26     time: 240
train_loss: 1.2732379152661277
SHAPE: (1024, 1024)
********
epoch: 27     time: 249
train_loss: 1.268252315975371
SHAPE: (1024, 1024)
********
epoch: 28     time: 258
train_loss: 1.265974339984712
SHAPE: (1024, 1024)
********
epoch: 29     time: 268
train_loss: 1.2631718998863584
SHAPE: (1024, 1024)
********
epoch: 30     time: 277
train_loss: 1.2586443708056496
SHAPE: (1024, 1024)
********
epoch: 31     time: 287
train_loss: 1.255977295693897
SHAPE: (1024, 1024)
********
epoch: 32     time: 296
train_loss: 1.2516994703383673
SHAPE: (1024, 1024)
********
epoch: 33     time: 305
train_loss: 1.250588644118536
SHAPE: (1024, 1024)
********
epoch: 34     time: 314
train_loss: 1.2477790060497465
SHAPE: (1024, 1024)
********
epoch: 35     time: 323
train_loss: 1.2461693684260051
SHAPE: (1024, 1024)
********
epoch: 36     time: 332
train_loss: 1.2471822102864583
SHAPE: (1024, 1024)
********
epoch: 37     time: 341
train_loss: 1.2427022740954445
SHAPE: (1024, 1024)
********
epoch: 38     time: 351
train_loss: 1.2429251500538416
SHAPE: (1024, 1024)
********
epoch: 39     time: 360
train_loss: 1.2391838630040486
SHAPE: (1024, 1024)
********
epoch: 40     time: 369
train_loss: 1.2416468801952543
SHAPE: (1024, 1024)
********
epoch: 41     time: 378
train_loss: 1.2335598809378487
SHAPE: (1024, 1024)
********
epoch: 42     time: 387
train_loss: 1.2334803002221244
SHAPE: (1024, 1024)
********
epoch: 43     time: 396
train_loss: 1.234141264642988
SHAPE: (1024, 1024)
********
epoch: 44     time: 406
train_loss: 1.235883667355492
SHAPE: (1024, 1024)
********
epoch: 45     time: 415
train_loss: 1.2295002539952595
SHAPE: (1024, 1024)
********
epoch: 46     time: 424
train_loss: 1.2287658055623372
SHAPE: (1024, 1024)
********
epoch: 47     time: 433
train_loss: 1.2325114068530856
SHAPE: (1024, 1024)
********
epoch: 48     time: 442
train_loss: 1.2323980842317854
SHAPE: (1024, 1024)
********
epoch: 49     time: 451
train_loss: 1.2261666910988944
SHAPE: (1024, 1024)
********
epoch: 50     time: 461
train_loss: 1.2273768129802884
SHAPE: (1024, 1024)
********
epoch: 51     time: 469
train_loss: 1.2251599970318021
SHAPE: (1024, 1024)
********
epoch: 52     time: 479
train_loss: 1.2238297916594005
SHAPE: (1024, 1024)
********
epoch: 53     time: 488
train_loss: 1.2261974243890672
SHAPE: (1024, 1024)
********
epoch: 54     time: 497
train_loss: 1.2233001334326608
SHAPE: (1024, 1024)
********
epoch: 55     time: 506
train_loss: 1.2234590791520619
SHAPE: (1024, 1024)
********
epoch: 56     time: 515
train_loss: 1.2266425859360468
SHAPE: (1024, 1024)
********
epoch: 57     time: 524
train_loss: 1.221759563400632
SHAPE: (1024, 1024)
********
epoch: 58     time: 534
train_loss: 1.2205197640827723
SHAPE: (1024, 1024)
********
epoch: 59     time: 543
train_loss: 1.2220196553639002
SHAPE: (1024, 1024)
********
epoch: 60     time: 552
train_loss: 1.2249819891793388
SHAPE: (1024, 1024)
********
epoch: 61     time: 561
train_loss: 1.221245146933056
SHAPE: (1024, 1024)
********
epoch: 62     time: 570
train_loss: 1.2195841073989868
SHAPE: (1024, 1024)
********
epoch: 63     time: 580
train_loss: 1.2188886063439506
SHAPE: (1024, 1024)
********
epoch: 64     time: 589
train_loss: 1.2236402488890148
SHAPE: (1024, 1024)
********
epoch: 65     time: 598
train_loss: 1.2203183798562913
SHAPE: (1024, 1024)
********
epoch: 66     time: 607
train_loss: 1.220379080091204
SHAPE: (1024, 1024)
********
epoch: 67     time: 616
train_loss: 1.2225678250903176
SHAPE: (1024, 1024)
********
epoch: 68     time: 625
train_loss: 1.2193594262713479
SHAPE: (1024, 1024)
********
epoch: 69     time: 634
train_loss: 1.2216005268551053
SHAPE: (1024, 1024)
********
epoch: 70     time: 643
train_loss: 1.2204794486363728
SHAPE: (1024, 1024)
early stop at 70 epoch
Finish!
