********
epoch: 1     time: 10
train_loss: 1.5365282524199713
SHAPE: (1024, 1024)
********
epoch: 2     time: 20
train_loss: 1.5276513724100023
SHAPE: (1024, 1024)
********
epoch: 3     time: 30
train_loss: 1.517590187844776
SHAPE: (1024, 1024)
********
epoch: 4     time: 41
train_loss: 1.5104811872754778
SHAPE: (1024, 1024)
********
epoch: 5     time: 52
train_loss: 1.5042760088330223
SHAPE: (1024, 1024)
********
epoch: 6     time: 62
train_loss: 1.4958831753049577
SHAPE: (1024, 1024)
********
epoch: 7     time: 72
train_loss: 1.4874447867983864
SHAPE: (1024, 1024)
********
epoch: 8     time: 82
train_loss: 1.476912225995745
SHAPE: (1024, 1024)
********
epoch: 9     time: 92
train_loss: 1.4747267393838792
SHAPE: (1024, 1024)
********
epoch: 10     time: 102
train_loss: 1.4652228412174044
SHAPE: (1024, 1024)
********
epoch: 11     time: 113
train_loss: 1.4578204779397874
SHAPE: (1024, 1024)
********
epoch: 12     time: 124
train_loss: 1.4482749927611578
SHAPE: (1024, 1024)
********
epoch: 13     time: 134
train_loss: 1.446807208515349
SHAPE: (1024, 1024)
********
epoch: 14     time: 144
train_loss: 1.435027763957069
SHAPE: (1024, 1024)
********
epoch: 15     time: 154
train_loss: 1.4308680125645228
SHAPE: (1024, 1024)
Finish!
