********
epoch: 1     time: 10
train_loss: 1.5925352686927432
SHAPE: (1024, 1024)
********
epoch: 2     time: 20
train_loss: 1.5874828043438138
SHAPE: (1024, 1024)
********
epoch: 3     time: 32
train_loss: 1.582375446955363
SHAPE: (1024, 1024)
********
epoch: 4     time: 42
train_loss: 1.5855433713822138
SHAPE: (1024, 1024)
********
epoch: 5     time: 52
train_loss: 1.5795047112873621
SHAPE: (1024, 1024)
********
epoch: 6     time: 62
train_loss: 1.5755928641273862
SHAPE: (1024, 1024)
********
epoch: 7     time: 72
train_loss: 1.574079258101327
SHAPE: (1024, 1024)
********
epoch: 8     time: 82
train_loss: 1.5697892620449974
SHAPE: (1024, 1024)
********
epoch: 9     time: 93
train_loss: 1.5709810143425351
SHAPE: (1024, 1024)
********
epoch: 10     time: 103
train_loss: 1.5659350213550387
SHAPE: (1024, 1024)
********
epoch: 11     time: 113
train_loss: 1.5660544804164342
SHAPE: (1024, 1024)
********
epoch: 12     time: 124
train_loss: 1.5571002846672422
SHAPE: (1024, 1024)
********
epoch: 13     time: 134
train_loss: 1.5572621879123507
SHAPE: (1024, 1024)
********
epoch: 14     time: 144
train_loss: 1.5581544013250441
SHAPE: (1024, 1024)
********
epoch: 15     time: 154
train_loss: 1.5538020531336467
SHAPE: (1024, 1024)
********
epoch: 16     time: 164
train_loss: 1.550072227205549
SHAPE: (1024, 1024)
********
epoch: 17     time: 175
train_loss: 1.545843936148144
SHAPE: (1024, 1024)
********
epoch: 18     time: 185
train_loss: 1.5440745637530373
SHAPE: (1024, 1024)
********
epoch: 19     time: 195
train_loss: 1.5431439592724754
SHAPE: (1024, 1024)
********
epoch: 20     time: 206
train_loss: 1.5400417475473314
SHAPE: (1024, 1024)
********
epoch: 21     time: 216
train_loss: 1.5376162926355998
SHAPE: (1024, 1024)
********
epoch: 22     time: 227
train_loss: 1.5298622733070737
SHAPE: (1024, 1024)
********
epoch: 23     time: 238
train_loss: 1.525702090490432
SHAPE: (1024, 1024)
********
epoch: 24     time: 248
train_loss: 1.5268430539539881
SHAPE: (1024, 1024)
********
epoch: 25     time: 258
train_loss: 1.5283316430591403
SHAPE: (1024, 1024)
********
epoch: 26     time: 268
train_loss: 1.52008052666982
SHAPE: (1024, 1024)
********
epoch: 27     time: 278
train_loss: 1.518854952993847
SHAPE: (1024, 1024)
********
epoch: 28     time: 289
train_loss: 1.5184379305158342
SHAPE: (1024, 1024)
********
epoch: 29     time: 299
train_loss: 1.5183597632816859
SHAPE: (1024, 1024)
********
epoch: 30     time: 309
train_loss: 1.515337007386344
SHAPE: (1024, 1024)
********
epoch: 31     time: 321
train_loss: 1.51066373643421
SHAPE: (1024, 1024)
********
epoch: 32     time: 331
train_loss: 1.5063050304140364
SHAPE: (1024, 1024)
********
epoch: 33     time: 341
train_loss: 1.505651797567095
SHAPE: (1024, 1024)
********
epoch: 34     time: 352
train_loss: 1.5050034239178611
SHAPE: (1024, 1024)
********
epoch: 35     time: 362
train_loss: 1.4978349946794056
SHAPE: (1024, 1024)
********
epoch: 36     time: 372
train_loss: 1.5010642324175154
SHAPE: (1024, 1024)
********
epoch: 37     time: 382
train_loss: 1.4939430214109874
SHAPE: (1024, 1024)
********
epoch: 38     time: 393
train_loss: 1.4939980393364316
SHAPE: (1024, 1024)
********
epoch: 39     time: 403
train_loss: 1.4884701002211798
SHAPE: (1024, 1024)
********
epoch: 40     time: 414
train_loss: 1.4872777859369914
SHAPE: (1024, 1024)
********
epoch: 41     time: 425
train_loss: 1.487780389331636
SHAPE: (1024, 1024)
********
epoch: 42     time: 435
train_loss: 1.486360646429516
SHAPE: (1024, 1024)
********
epoch: 43     time: 445
train_loss: 1.4804971161342801
SHAPE: (1024, 1024)
********
epoch: 44     time: 455
train_loss: 1.4797861916678292
SHAPE: (1024, 1024)
********
epoch: 45     time: 466
train_loss: 1.4784380197525024
SHAPE: (1024, 1024)
********
epoch: 46     time: 476
train_loss: 1.474689177104405
SHAPE: (1024, 1024)
********
epoch: 47     time: 486
train_loss: 1.4748672246932983
SHAPE: (1024, 1024)
********
epoch: 48     time: 496
train_loss: 1.4705647457213629
SHAPE: (1024, 1024)
********
epoch: 49     time: 507
train_loss: 1.4691448779333205
SHAPE: (1024, 1024)
********
epoch: 50     time: 518
train_loss: 1.471337500072661
SHAPE: (1024, 1024)
********
epoch: 51     time: 528
train_loss: 1.4662172510510398
SHAPE: (1024, 1024)
********
epoch: 52     time: 538
train_loss: 1.4610443115234375
SHAPE: (1024, 1024)
********
epoch: 53     time: 548
train_loss: 1.4620924563634963
SHAPE: (1024, 1024)
********
epoch: 54     time: 558
train_loss: 1.4581804048447382
SHAPE: (1024, 1024)
********
epoch: 55     time: 568
train_loss: 1.4530095883778162
SHAPE: (1024, 1024)
********
epoch: 56     time: 579
train_loss: 1.4522252593721663
SHAPE: (1024, 1024)
********
epoch: 57     time: 589
train_loss: 1.4488229127157302
SHAPE: (1024, 1024)
********
epoch: 58     time: 599
train_loss: 1.450957599140349
SHAPE: (1024, 1024)
********
epoch: 59     time: 610
train_loss: 1.4486517281759352
SHAPE: (1024, 1024)
********
epoch: 60     time: 621
train_loss: 1.44552477200826
SHAPE: (1024, 1024)
********
epoch: 61     time: 631
train_loss: 1.4459981123606365
SHAPE: (1024, 1024)
********
epoch: 62     time: 641
train_loss: 1.4447599819728307
SHAPE: (1024, 1024)
********
epoch: 63     time: 652
train_loss: 1.4383660384586878
SHAPE: (1024, 1024)
********
epoch: 64     time: 662
train_loss: 1.4424885908762615
SHAPE: (1024, 1024)
********
epoch: 65     time: 672
train_loss: 1.4377165521894182
SHAPE: (1024, 1024)
********
epoch: 66     time: 682
train_loss: 1.4335324253354753
SHAPE: (1024, 1024)
********
epoch: 67     time: 692
train_loss: 1.4315860101154871
SHAPE: (1024, 1024)
********
epoch: 68     time: 703
train_loss: 1.429948477517991
SHAPE: (1024, 1024)
********
epoch: 69     time: 713
train_loss: 1.4296002558299474
SHAPE: (1024, 1024)
********
epoch: 70     time: 724
train_loss: 1.4288117317926317
SHAPE: (1024, 1024)
********
epoch: 71     time: 734
train_loss: 1.4263329619453067
SHAPE: (1024, 1024)
********
epoch: 72     time: 744
train_loss: 1.4245511350177584
SHAPE: (1024, 1024)
********
epoch: 73     time: 754
train_loss: 1.4203347365061443
SHAPE: (1024, 1024)
********
epoch: 74     time: 765
train_loss: 1.4196981645765758
SHAPE: (1024, 1024)
********
epoch: 75     time: 775
train_loss: 1.4184688386462985
SHAPE: (1024, 1024)
********
epoch: 76     time: 785
train_loss: 1.419615314120338
SHAPE: (1024, 1024)
********
epoch: 77     time: 795
train_loss: 1.4138309444699968
SHAPE: (1024, 1024)
********
epoch: 78     time: 807
train_loss: 1.4127244722275507
SHAPE: (1024, 1024)
********
epoch: 79     time: 817
train_loss: 1.4100358429409208
SHAPE: (1024, 1024)
********
epoch: 80     time: 827
train_loss: 1.4086586180187406
SHAPE: (1024, 1024)
********
epoch: 81     time: 837
train_loss: 1.4082615772883098
SHAPE: (1024, 1024)
********
epoch: 82     time: 847
train_loss: 1.4067213705607824
SHAPE: (1024, 1024)
********
epoch: 83     time: 858
train_loss: 1.40784524168287
SHAPE: (1024, 1024)
********
epoch: 84     time: 868
train_loss: 1.4036431596392678
SHAPE: (1024, 1024)
********
epoch: 85     time: 878
train_loss: 1.403894027074178
SHAPE: (1024, 1024)
********
epoch: 86     time: 888
train_loss: 1.3992976461138045
SHAPE: (1024, 1024)
********
epoch: 87     time: 899
train_loss: 1.3971409457070487
SHAPE: (1024, 1024)
********
epoch: 88     time: 909
train_loss: 1.3973403998783656
SHAPE: (1024, 1024)
********
epoch: 89     time: 919
train_loss: 1.3949930838176183
SHAPE: (1024, 1024)
********
epoch: 90     time: 929
train_loss: 1.3956825960250128
SHAPE: (1024, 1024)
********
epoch: 91     time: 940
train_loss: 1.392311766034081
SHAPE: (1024, 1024)
********
epoch: 92     time: 950
train_loss: 1.3928461528959728
SHAPE: (1024, 1024)
********
epoch: 93     time: 960
train_loss: 1.3893074251356579
SHAPE: (1024, 1024)
********
epoch: 94     time: 970
train_loss: 1.3899352891104562
SHAPE: (1024, 1024)
********
epoch: 95     time: 980
train_loss: 1.3865543093000139
SHAPE: (1024, 1024)
********
epoch: 96     time: 991
train_loss: 1.3831050679797219
SHAPE: (1024, 1024)
********
epoch: 97     time: 1001
train_loss: 1.383653618040539
SHAPE: (1024, 1024)
********
epoch: 98     time: 1011
train_loss: 1.3817208210627239
SHAPE: (1024, 1024)
********
epoch: 99     time: 1021
train_loss: 1.3818685213724773
SHAPE: (1024, 1024)
********
epoch: 100     time: 1031
train_loss: 1.377569278081258
SHAPE: (1024, 1024)
********
epoch: 101     time: 1041
train_loss: 1.3778291997455416
SHAPE: (1024, 1024)
********
epoch: 102     time: 1051
train_loss: 1.3763079302651542
SHAPE: (1024, 1024)
********
epoch: 103     time: 1061
train_loss: 1.3740849778765725
SHAPE: (1024, 1024)
********
epoch: 104     time: 1072
train_loss: 1.3709836460295177
SHAPE: (1024, 1024)
********
epoch: 105     time: 1082
train_loss: 1.3731112820761544
SHAPE: (1024, 1024)
********
epoch: 106     time: 1093
train_loss: 1.3716459558123635
SHAPE: (1024, 1024)
********
epoch: 107     time: 1103
train_loss: 1.3706662030447097
SHAPE: (1024, 1024)
********
epoch: 108     time: 1113
train_loss: 1.3705193599065144
SHAPE: (1024, 1024)
********
epoch: 109     time: 1124
train_loss: 1.3677709897359211
SHAPE: (1024, 1024)
********
epoch: 110     time: 1134
train_loss: 1.3658069769541423
SHAPE: (1024, 1024)
********
epoch: 111     time: 1144
train_loss: 1.363447898910159
SHAPE: (1024, 1024)
********
epoch: 112     time: 1154
train_loss: 1.3633537746611095
SHAPE: (1024, 1024)
********
epoch: 113     time: 1164
train_loss: 1.3616879043124972
SHAPE: (1024, 1024)
********
epoch: 114     time: 1175
train_loss: 1.3618312279383342
SHAPE: (1024, 1024)
********
epoch: 115     time: 1186
train_loss: 1.3581147307441348
SHAPE: (1024, 1024)
********
epoch: 116     time: 1196
train_loss: 1.3585938044956751
SHAPE: (1024, 1024)
********
epoch: 117     time: 1206
train_loss: 1.3562377464203608
SHAPE: (1024, 1024)
********
epoch: 118     time: 1216
train_loss: 1.357112237385341
SHAPE: (1024, 1024)
********
epoch: 119     time: 1226
train_loss: 1.3546202523367745
SHAPE: (1024, 1024)
********
epoch: 120     time: 1237
train_loss: 1.3523803324926467
SHAPE: (1024, 1024)
********
epoch: 121     time: 1247
train_loss: 1.3550870759146554
SHAPE: (1024, 1024)
********
epoch: 122     time: 1257
train_loss: 1.3512826420011974
SHAPE: (1024, 1024)
********
epoch: 123     time: 1267
train_loss: 1.3492147071020943
SHAPE: (1024, 1024)
********
epoch: 124     time: 1278
train_loss: 1.3492068563188826
SHAPE: (1024, 1024)
********
epoch: 125     time: 1289
train_loss: 1.3475861208779472
SHAPE: (1024, 1024)
********
epoch: 126     time: 1299
train_loss: 1.3460356848580497
SHAPE: (1024, 1024)
********
epoch: 127     time: 1309
train_loss: 1.3448757444109236
SHAPE: (1024, 1024)
********
epoch: 128     time: 1319
train_loss: 1.3436786787850517
SHAPE: (1024, 1024)
********
epoch: 129     time: 1330
train_loss: 1.3427847567058744
SHAPE: (1024, 1024)
********
epoch: 130     time: 1340
train_loss: 1.343676629520598
SHAPE: (1024, 1024)
********
epoch: 131     time: 1350
train_loss: 1.3411980129423595
SHAPE: (1024, 1024)
********
epoch: 132     time: 1360
train_loss: 1.3389749299912226
SHAPE: (1024, 1024)
********
epoch: 133     time: 1371
train_loss: 1.339318071092878
SHAPE: (1024, 1024)
********
epoch: 134     time: 1381
train_loss: 1.3376751229876565
SHAPE: (1024, 1024)
********
epoch: 135     time: 1391
train_loss: 1.3355838571275984
SHAPE: (1024, 1024)
********
epoch: 136     time: 1402
train_loss: 1.3334603820528304
SHAPE: (1024, 1024)
********
epoch: 137     time: 1412
train_loss: 1.3340235948562622
SHAPE: (1024, 1024)
********
epoch: 138     time: 1422
train_loss: 1.333271128790719
SHAPE: (1024, 1024)
********
epoch: 139     time: 1432
train_loss: 1.3326114870253063
SHAPE: (1024, 1024)
********
epoch: 140     time: 1442
train_loss: 1.331899637267703
SHAPE: (1024, 1024)
********
epoch: 141     time: 1452
train_loss: 1.3326568546749296
SHAPE: (1024, 1024)
********
epoch: 142     time: 1463
train_loss: 1.3292830047153292
SHAPE: (1024, 1024)
********
epoch: 143     time: 1474
train_loss: 1.3279509544372559
SHAPE: (1024, 1024)
********
epoch: 144     time: 1484
train_loss: 1.3267964805875505
SHAPE: (1024, 1024)
********
epoch: 145     time: 1494
train_loss: 1.325783093770345
SHAPE: (1024, 1024)
********
epoch: 146     time: 1505
train_loss: 1.3272917781557356
SHAPE: (1024, 1024)
********
epoch: 147     time: 1515
train_loss: 1.326729110309056
SHAPE: (1024, 1024)
********
epoch: 148     time: 1525
train_loss: 1.3236307984306699
SHAPE: (1024, 1024)
********
epoch: 149     time: 1535
train_loss: 1.3235755534399123
SHAPE: (1024, 1024)
********
epoch: 150     time: 1545
train_loss: 1.323054483958653
SHAPE: (1024, 1024)
********
epoch: 151     time: 1556
train_loss: 1.32113816624596
SHAPE: (1024, 1024)
********
epoch: 152     time: 1567
train_loss: 1.319117886679513
SHAPE: (1024, 1024)
********
epoch: 153     time: 1577
train_loss: 1.3181592112495786
SHAPE: (1024, 1024)
********
epoch: 154     time: 1587
train_loss: 1.3194427603767032
SHAPE: (1024, 1024)
********
epoch: 155     time: 1597
train_loss: 1.3158021824700492
SHAPE: (1024, 1024)
********
epoch: 156     time: 1607
train_loss: 1.3150725364685059
SHAPE: (1024, 1024)
********
epoch: 157     time: 1617
train_loss: 1.314701381183806
SHAPE: (1024, 1024)
********
epoch: 158     time: 1628
train_loss: 1.3142396268390475
SHAPE: (1024, 1024)
********
epoch: 159     time: 1638
train_loss: 1.3138308241253807
SHAPE: (1024, 1024)
********
epoch: 160     time: 1648
train_loss: 1.3132412774222237
SHAPE: (1024, 1024)
********
epoch: 161     time: 1659
train_loss: 1.3118820190429688
SHAPE: (1024, 1024)
********
epoch: 162     time: 1669
train_loss: 1.3110106048129855
SHAPE: (1024, 1024)
********
epoch: 163     time: 1680
train_loss: 1.309467837924049
SHAPE: (1024, 1024)
********
epoch: 164     time: 1690
train_loss: 1.3099914618900843
SHAPE: (1024, 1024)
********
epoch: 165     time: 1700
train_loss: 1.3083641018186296
SHAPE: (1024, 1024)
********
epoch: 166     time: 1710
train_loss: 1.3080427533104306
SHAPE: (1024, 1024)
********
epoch: 167     time: 1720
train_loss: 1.3044749044236683
SHAPE: (1024, 1024)
********
epoch: 168     time: 1730
train_loss: 1.3048507088706607
SHAPE: (1024, 1024)
********
epoch: 169     time: 1740
train_loss: 1.3052188385100592
SHAPE: (1024, 1024)
********
epoch: 170     time: 1750
train_loss: 1.3041752406529017
SHAPE: (1024, 1024)
********
epoch: 171     time: 1761
train_loss: 1.3048433973675682
SHAPE: (1024, 1024)
********
epoch: 172     time: 1771
train_loss: 1.3021402983438402
SHAPE: (1024, 1024)
********
epoch: 173     time: 1782
train_loss: 1.3012754633313133
SHAPE: (1024, 1024)
********
epoch: 174     time: 1792
train_loss: 1.3030609289805095
SHAPE: (1024, 1024)
********
epoch: 175     time: 1802
train_loss: 1.3010199864705403
SHAPE: (1024, 1024)
********
epoch: 176     time: 1812
train_loss: 1.2998435724349249
SHAPE: (1024, 1024)
********
epoch: 177     time: 1822
train_loss: 1.2966317733128865
SHAPE: (1024, 1024)
********
epoch: 178     time: 1832
train_loss: 1.2966928482055664
SHAPE: (1024, 1024)
********
epoch: 179     time: 1842
train_loss: 1.297138321967352
SHAPE: (1024, 1024)
********
epoch: 180     time: 1853
train_loss: 1.2953282764979772
SHAPE: (1024, 1024)
********
epoch: 181     time: 1863
train_loss: 1.294984914007641
SHAPE: (1024, 1024)
********
epoch: 182     time: 1874
train_loss: 1.2957971266337804
SHAPE: (1024, 1024)
********
epoch: 183     time: 1884
train_loss: 1.293986167226519
SHAPE: (1024, 1024)
********
epoch: 184     time: 1894
train_loss: 1.2931641397022067
SHAPE: (1024, 1024)
********
epoch: 185     time: 1904
train_loss: 1.2920009238379342
SHAPE: (1024, 1024)
********
epoch: 186     time: 1914
train_loss: 1.2921543234870547
SHAPE: (1024, 1024)
********
epoch: 187     time: 1924
train_loss: 1.2922812132608323
SHAPE: (1024, 1024)
********
epoch: 188     time: 1934
train_loss: 1.2909441051029025
SHAPE: (1024, 1024)
********
epoch: 189     time: 1945
train_loss: 1.2895457574299403
SHAPE: (1024, 1024)
********
epoch: 190     time: 1955
train_loss: 1.2883461940856207
SHAPE: (1024, 1024)
********
epoch: 191     time: 1965
train_loss: 1.2895900465193249
SHAPE: (1024, 1024)
********
epoch: 192     time: 1975
train_loss: 1.2897967043377103
SHAPE: (1024, 1024)
********
epoch: 193     time: 1985
train_loss: 1.2878435396012806
SHAPE: (1024, 1024)
********
epoch: 194     time: 1995
train_loss: 1.2879144634519304
SHAPE: (1024, 1024)
********
epoch: 195     time: 2005
train_loss: 1.2860794578279768
SHAPE: (1024, 1024)
********
epoch: 196     time: 2016
train_loss: 1.2842347621917725
SHAPE: (1024, 1024)
********
epoch: 197     time: 2026
train_loss: 1.2852451574234736
SHAPE: (1024, 1024)
********
epoch: 198     time: 2036
train_loss: 1.2849838052477156
SHAPE: (1024, 1024)
********
epoch: 199     time: 2046
train_loss: 1.2826109783990043
SHAPE: (1024, 1024)
********
epoch: 200     time: 2057
train_loss: 1.2815762133825392
SHAPE: (1024, 1024)
********
epoch: 201     time: 2067
train_loss: 1.2840511004130046
SHAPE: (1024, 1024)
********
epoch: 202     time: 2077
train_loss: 1.281256982258388
SHAPE: (1024, 1024)
********
epoch: 203     time: 2087
train_loss: 1.2814674547740392
SHAPE: (1024, 1024)
********
epoch: 204     time: 2097
train_loss: 1.278794873328436
SHAPE: (1024, 1024)
********
epoch: 205     time: 2107
train_loss: 1.2822477590470087
SHAPE: (1024, 1024)
********
epoch: 206     time: 2117
train_loss: 1.279939850171407
SHAPE: (1024, 1024)
********
epoch: 207     time: 2127
train_loss: 1.2774297509874617
SHAPE: (1024, 1024)
********
epoch: 208     time: 2139
train_loss: 1.2793399095535278
SHAPE: (1024, 1024)
********
epoch: 209     time: 2148
train_loss: 1.2803275812239874
SHAPE: (1024, 1024)
********
epoch: 210     time: 2158
train_loss: 1.278923755600339
SHAPE: (1024, 1024)
********
epoch: 211     time: 2168
train_loss: 1.2778908979325068
SHAPE: (1024, 1024)
********
epoch: 212     time: 2178
train_loss: 1.2773032131649198
SHAPE: (1024, 1024)
********
epoch: 213     time: 2189
train_loss: 1.2784340949285597
SHAPE: (1024, 1024)
********
epoch: 214     time: 2198
train_loss: 1.2773053362256004
SHAPE: (1024, 1024)
********
epoch: 215     time: 2208
train_loss: 1.276784442719959
SHAPE: (1024, 1024)
********
epoch: 216     time: 2218
train_loss: 1.2781346014567785
SHAPE: (1024, 1024)
********
epoch: 217     time: 2229
train_loss: 1.2785225766045707
SHAPE: (1024, 1024)
********
epoch: 218     time: 2239
train_loss: 1.2777182715279716
SHAPE: (1024, 1024)
********
epoch: 219     time: 2248
train_loss: 1.2765082915623982
SHAPE: (1024, 1024)
********
epoch: 220     time: 2259
train_loss: 1.2784253585906256
SHAPE: (1024, 1024)
********
epoch: 221     time: 2269
train_loss: 1.276586197671436
SHAPE: (1024, 1024)
********
epoch: 222     time: 2279
train_loss: 1.2775435220627558
SHAPE: (1024, 1024)
********
epoch: 223     time: 2289
train_loss: 1.2779739300409954
SHAPE: (1024, 1024)
********
epoch: 224     time: 2299
train_loss: 1.2781479301906766
SHAPE: (1024, 1024)
********
epoch: 225     time: 2309
train_loss: 1.2783810467947097
SHAPE: (1024, 1024)
Finish!
