********
epoch: 1     time: 9
train_loss: 1.563888137990778
SHAPE: (1024, 1024)
********
epoch: 2     time: 19
train_loss: 1.5388077334924177
SHAPE: (1024, 1024)
********
epoch: 3     time: 29
train_loss: 1.5147881724617698
SHAPE: (1024, 1024)
********
epoch: 4     time: 38
train_loss: 1.4921491471203892
SHAPE: (1024, 1024)
********
epoch: 5     time: 48
train_loss: 1.472959285432642
SHAPE: (1024, 1024)
********
epoch: 6     time: 58
train_loss: 1.454126699404283
SHAPE: (1024, 1024)
********
epoch: 7     time: 68
train_loss: 1.4372977722774853
SHAPE: (1024, 1024)
********
epoch: 8     time: 78
train_loss: 1.4212193109772422
SHAPE: (1024, 1024)
********
epoch: 9     time: 87
train_loss: 1.4054898023605347
SHAPE: (1024, 1024)
********
epoch: 10     time: 97
train_loss: 1.392275089567358
SHAPE: (1024, 1024)
********
epoch: 11     time: 107
train_loss: 1.3787917494773865
SHAPE: (1024, 1024)
********
epoch: 12     time: 117
train_loss: 1.367284742268649
SHAPE: (1024, 1024)
********
epoch: 13     time: 127
train_loss: 1.3557885451750322
SHAPE: (1024, 1024)
********
epoch: 14     time: 138
train_loss: 1.3463500413027676
SHAPE: (1024, 1024)
********
epoch: 15     time: 147
train_loss: 1.3371126489205793
SHAPE: (1024, 1024)
********
epoch: 16     time: 157
train_loss: 1.3271481015465476
SHAPE: (1024, 1024)
********
epoch: 17     time: 167
train_loss: 1.3198962049050764
SHAPE: (1024, 1024)
********
epoch: 18     time: 177
train_loss: 1.3128132603385232
SHAPE: (1024, 1024)
********
epoch: 19     time: 186
train_loss: 1.3062401630661704
SHAPE: (1024, 1024)
********
epoch: 20     time: 196
train_loss: 1.3000010468743064
SHAPE: (1024, 1024)
********
epoch: 21     time: 206
train_loss: 1.2933669794689526
SHAPE: (1024, 1024)
********
epoch: 22     time: 216
train_loss: 1.2901444055817344
SHAPE: (1024, 1024)
********
epoch: 23     time: 226
train_loss: 1.2830814014781604
SHAPE: (1024, 1024)
********
epoch: 24     time: 236
train_loss: 1.278384956446561
SHAPE: (1024, 1024)
********
epoch: 25     time: 245
train_loss: 1.2758399085565046
SHAPE: (1024, 1024)
********
epoch: 26     time: 255
train_loss: 1.2720978639342568
SHAPE: (1024, 1024)
********
epoch: 27     time: 265
train_loss: 1.2679298249157993
SHAPE: (1024, 1024)
********
epoch: 28     time: 274
train_loss: 1.2645735415545376
SHAPE: (1024, 1024)
********
epoch: 29     time: 284
train_loss: 1.261739194393158
SHAPE: (1024, 1024)
********
epoch: 30     time: 294
train_loss: 1.2590892152352766
SHAPE: (1024, 1024)
********
epoch: 31     time: 304
train_loss: 1.2574967525222085
SHAPE: (1024, 1024)
********
epoch: 32     time: 313
train_loss: 1.2529411695220254
SHAPE: (1024, 1024)
********
epoch: 33     time: 324
train_loss: 1.2507990002632141
SHAPE: (1024, 1024)
********
epoch: 34     time: 334
train_loss: 1.2506648139520125
SHAPE: (1024, 1024)
********
epoch: 35     time: 343
train_loss: 1.2464862357486377
SHAPE: (1024, 1024)
********
epoch: 36     time: 353
train_loss: 1.2449627356095747
SHAPE: (1024, 1024)
********
epoch: 37     time: 363
train_loss: 1.2437603907151655
SHAPE: (1024, 1024)
********
epoch: 38     time: 372
train_loss: 1.2413261261853306
SHAPE: (1024, 1024)
********
epoch: 39     time: 382
train_loss: 1.2416609525680542
SHAPE: (1024, 1024)
********
epoch: 40     time: 392
train_loss: 1.2388574318452314
SHAPE: (1024, 1024)
********
epoch: 41     time: 401
train_loss: 1.2381756197322498
SHAPE: (1024, 1024)
********
epoch: 42     time: 412
train_loss: 1.237314137545499
SHAPE: (1024, 1024)
********
epoch: 43     time: 421
train_loss: 1.2361286878585815
SHAPE: (1024, 1024)
********
epoch: 44     time: 431
train_loss: 1.235248619859869
SHAPE: (1024, 1024)
********
epoch: 45     time: 441
train_loss: 1.2336113127795132
SHAPE: (1024, 1024)
********
epoch: 46     time: 451
train_loss: 1.2332116257060657
SHAPE: (1024, 1024)
********
epoch: 47     time: 460
train_loss: 1.2330487803979353
SHAPE: (1024, 1024)
********
epoch: 48     time: 470
train_loss: 1.2319827350703152
SHAPE: (1024, 1024)
********
epoch: 49     time: 480
train_loss: 1.2311757532033054
SHAPE: (1024, 1024)
********
epoch: 50     time: 489
train_loss: 1.2315849282524802
SHAPE: (1024, 1024)
********
epoch: 51     time: 499
train_loss: 1.2304501641880383
SHAPE: (1024, 1024)
********
epoch: 52     time: 509
train_loss: 1.2312035072933545
SHAPE: (1024, 1024)
********
epoch: 53     time: 518
train_loss: 1.22925142808394
SHAPE: (1024, 1024)
********
epoch: 54     time: 528
train_loss: 1.2292849638245322
SHAPE: (1024, 1024)
********
epoch: 55     time: 537
train_loss: 1.2283554889939048
SHAPE: (1024, 1024)
********
epoch: 56     time: 547
train_loss: 1.2301893505183132
SHAPE: (1024, 1024)
********
epoch: 57     time: 557
train_loss: 1.2284168059175664
SHAPE: (1024, 1024)
********
epoch: 58     time: 566
train_loss: 1.2259010726755315
SHAPE: (1024, 1024)
********
epoch: 59     time: 576
train_loss: 1.2262883511456577
SHAPE: (1024, 1024)
********
epoch: 60     time: 585
train_loss: 1.2258673364465886
SHAPE: (1024, 1024)
********
epoch: 61     time: 596
train_loss: 1.227634457024661
SHAPE: (1024, 1024)
********
epoch: 62     time: 605
train_loss: 1.2258852395144375
SHAPE: (1024, 1024)
********
epoch: 63     time: 615
train_loss: 1.2266033346002752
SHAPE: (1024, 1024)
********
epoch: 64     time: 624
train_loss: 1.224864829670299
SHAPE: (1024, 1024)
********
epoch: 65     time: 634
train_loss: 1.2252795913002708
SHAPE: (1024, 1024)
********
epoch: 66     time: 643
train_loss: 1.2264696142890237
SHAPE: (1024, 1024)
********
epoch: 67     time: 653
train_loss: 1.2271472107280383
SHAPE: (1024, 1024)
********
epoch: 68     time: 662
train_loss: 1.224220796064897
SHAPE: (1024, 1024)
********
epoch: 69     time: 672
train_loss: 1.225824605334889
SHAPE: (1024, 1024)
********
epoch: 70     time: 681
train_loss: 1.2250141230496494
SHAPE: (1024, 1024)
********
epoch: 71     time: 692
train_loss: 1.2240222313187339
SHAPE: (1024, 1024)
********
epoch: 72     time: 701
train_loss: 1.2262213555249302
SHAPE: (1024, 1024)
********
epoch: 73     time: 711
train_loss: 1.2241667996753345
SHAPE: (1024, 1024)
********
epoch: 74     time: 720
train_loss: 1.2241368022832004
SHAPE: (1024, 1024)
********
epoch: 75     time: 730
train_loss: 1.2243033647537231
SHAPE: (1024, 1024)
********
epoch: 76     time: 739
train_loss: 1.2266186475753784
SHAPE: (1024, 1024)
********
epoch: 77     time: 749
train_loss: 1.2252640615810046
SHAPE: (1024, 1024)
********
epoch: 78     time: 758
train_loss: 1.2248756993900647
SHAPE: (1024, 1024)
early stop at 78 epoch
Finish!
