********
epoch: 1     time: 19
train_loss: 1.5566550209408714
SHAPE: (1024, 1024)
********
epoch: 2     time: 38
train_loss: 1.5416072607040405
SHAPE: (1024, 1024)
********
epoch: 3     time: 58
train_loss: 1.5211405527024042
SHAPE: (1024, 1024)
********
epoch: 4     time: 77
train_loss: 1.4882269019172305
SHAPE: (1024, 1024)
********
epoch: 5     time: 97
train_loss: 1.4444752931594849
SHAPE: (1024, 1024)
********
epoch: 6     time: 116
train_loss: 1.389824350674947
SHAPE: (1024, 1024)
********
epoch: 7     time: 136
train_loss: 1.3104523704165505
SHAPE: (1024, 1024)
********
epoch: 8     time: 156
train_loss: 1.2058105184918357
SHAPE: (1024, 1024)
********
epoch: 9     time: 175
train_loss: 1.09380388827551
SHAPE: (1024, 1024)
********
epoch: 10     time: 195
train_loss: 0.9833375499362037
SHAPE: (1024, 1024)
********
epoch: 11     time: 214
train_loss: 0.8730462562470209
SHAPE: (1024, 1024)
********
epoch: 12     time: 234
train_loss: 0.7860757311185201
SHAPE: (1024, 1024)
********
epoch: 13     time: 253
train_loss: 0.7112868513379779
SHAPE: (1024, 1024)
********
epoch: 14     time: 273
train_loss: 0.6555104993638539
SHAPE: (1024, 1024)
********
epoch: 15     time: 292
train_loss: 0.6276650684220451
SHAPE: (1024, 1024)
********
epoch: 16     time: 312
train_loss: 0.5818780830928257
SHAPE: (1024, 1024)
********
epoch: 17     time: 331
train_loss: 0.5589476170993987
SHAPE: (1024, 1024)
********
epoch: 18     time: 351
train_loss: 0.5368501600765047
SHAPE: (1024, 1024)
********
epoch: 19     time: 371
train_loss: 0.5183292911166236
SHAPE: (1024, 1024)
********
epoch: 20     time: 390
train_loss: 0.5082791220574152
SHAPE: (1024, 1024)
********
epoch: 21     time: 410
train_loss: 0.4958039664086841
SHAPE: (1024, 1024)
********
epoch: 22     time: 430
train_loss: 0.48755136416071937
SHAPE: (1024, 1024)
********
epoch: 23     time: 450
train_loss: 0.4788154335249038
SHAPE: (1024, 1024)
********
epoch: 24     time: 469
train_loss: 0.47684167538370403
SHAPE: (1024, 1024)
********
epoch: 25     time: 489
train_loss: 0.4699901228859311
SHAPE: (1024, 1024)
********
epoch: 26     time: 508
train_loss: 0.4629607229005723
SHAPE: (1024, 1024)
********
epoch: 27     time: 528
train_loss: 0.4544602079050882
SHAPE: (1024, 1024)
********
epoch: 28     time: 548
train_loss: 0.44777761470703853
SHAPE: (1024, 1024)
********
epoch: 29     time: 567
train_loss: 0.4398905478772663
SHAPE: (1024, 1024)
********
epoch: 30     time: 587
train_loss: 0.4382701487768264
SHAPE: (1024, 1024)
********
epoch: 31     time: 606
train_loss: 0.4305249566123599
SHAPE: (1024, 1024)
********
epoch: 32     time: 625
train_loss: 0.4246962254955655
SHAPE: (1024, 1024)
********
epoch: 33     time: 645
train_loss: 0.41630455993470694
SHAPE: (1024, 1024)
********
epoch: 34     time: 664
train_loss: 0.4128178982507615
SHAPE: (1024, 1024)
********
epoch: 35     time: 684
train_loss: 0.40985529053778874
SHAPE: (1024, 1024)
********
epoch: 36     time: 704
train_loss: 0.3865721296696436
SHAPE: (1024, 1024)
********
epoch: 37     time: 723
train_loss: 0.3621676138469151
SHAPE: (1024, 1024)
********
epoch: 38     time: 743
train_loss: 0.33804350239889963
SHAPE: (1024, 1024)
********
epoch: 39     time: 762
train_loss: 0.3035640475295839
SHAPE: (1024, 1024)
********
epoch: 40     time: 782
train_loss: 0.2641103934674036
SHAPE: (1024, 1024)
********
epoch: 41     time: 801
train_loss: 0.22225119031610943
SHAPE: (1024, 1024)
********
epoch: 42     time: 821
train_loss: 0.19144071354752495
SHAPE: (1024, 1024)
********
epoch: 43     time: 840
train_loss: 0.1616088010015942
SHAPE: (1024, 1024)
********
epoch: 44     time: 860
train_loss: 0.13841511841331208
SHAPE: (1024, 1024)
********
epoch: 45     time: 880
train_loss: 0.12981395281496502
SHAPE: (1024, 1024)
********
epoch: 46     time: 899
train_loss: 0.10831573747453235
SHAPE: (1024, 1024)
********
epoch: 47     time: 919
train_loss: 0.1112980196873347
SHAPE: (1024, 1024)
********
epoch: 48     time: 938
train_loss: 0.1022122371054831
SHAPE: (1024, 1024)
********
epoch: 49     time: 957
train_loss: 0.09380481427624113
SHAPE: (1024, 1024)
********
epoch: 50     time: 977
train_loss: 0.0902477999528249
SHAPE: (1024, 1024)
********
epoch: 51     time: 997
train_loss: 0.08464351296424866
SHAPE: (1024, 1024)
********
epoch: 52     time: 1016
train_loss: 0.07896612832943599
SHAPE: (1024, 1024)
********
epoch: 53     time: 1036
train_loss: 0.07945574128202029
SHAPE: (1024, 1024)
********
epoch: 54     time: 1055
train_loss: 0.08430490483130727
SHAPE: (1024, 1024)
********
epoch: 55     time: 1074
train_loss: 0.08135623963815826
SHAPE: (1024, 1024)
********
epoch: 56     time: 1093
train_loss: 0.07877215281838462
SHAPE: (1024, 1024)
********
epoch: 57     time: 1114
train_loss: 0.08607495043958936
SHAPE: (1024, 1024)
********
epoch: 58     time: 1133
train_loss: 0.07862259270179839
SHAPE: (1024, 1024)
********
epoch: 59     time: 1152
train_loss: 0.07351366678873698
SHAPE: (1024, 1024)
********
epoch: 60     time: 1172
train_loss: 0.06764893304734003
SHAPE: (1024, 1024)
********
epoch: 61     time: 1192
train_loss: 0.0646627786613646
SHAPE: (1024, 1024)
********
epoch: 62     time: 1211
train_loss: 0.06283174224552654
SHAPE: (1024, 1024)
********
epoch: 63     time: 1231
train_loss: 0.059805313036555334
SHAPE: (1024, 1024)
********
epoch: 64     time: 1250
train_loss: 0.059550028294324875
SHAPE: (1024, 1024)
********
epoch: 65     time: 1270
train_loss: 0.05883363048945155
SHAPE: (1024, 1024)
********
epoch: 66     time: 1289
train_loss: 0.058618348091840744
SHAPE: (1024, 1024)
********
epoch: 67     time: 1309
train_loss: 0.057693956863312496
SHAPE: (1024, 1024)
********
epoch: 68     time: 1328
train_loss: 0.055738765391565505
SHAPE: (1024, 1024)
********
epoch: 69     time: 1348
train_loss: 0.05376042727203596
SHAPE: (1024, 1024)
********
epoch: 70     time: 1367
train_loss: 0.05254039540886879
SHAPE: (1024, 1024)
********
epoch: 71     time: 1387
train_loss: 0.06183228428874697
SHAPE: (1024, 1024)
********
epoch: 72     time: 1406
train_loss: 0.06897283913124175
SHAPE: (1024, 1024)
********
epoch: 73     time: 1425
train_loss: 0.06363329113948912
SHAPE: (1024, 1024)
********
epoch: 74     time: 1444
train_loss: 0.059709151940686364
SHAPE: (1024, 1024)
********
epoch: 75     time: 1463
train_loss: 0.060170069336891174
SHAPE: (1024, 1024)
********
epoch: 76     time: 1483
train_loss: 0.05485103456746964
SHAPE: (1024, 1024)
********
epoch: 77     time: 1502
train_loss: 0.05280110630251113
SHAPE: (1024, 1024)
early stop at 77 epoch
Finish!
