********
epoch: 1     time: 20
train_loss: 1.5139808763157239
SHAPE: (1024, 1024)
********
epoch: 2     time: 42
train_loss: 1.295737001028928
SHAPE: (1024, 1024)
********
epoch: 3     time: 63
train_loss: 0.9338683052496477
SHAPE: (1024, 1024)
********
epoch: 4     time: 83
train_loss: 0.6638186953284524
SHAPE: (1024, 1024)
********
epoch: 5     time: 104
train_loss: 0.5704095959663391
SHAPE: (1024, 1024)
********
epoch: 6     time: 125
train_loss: 0.5307393995198336
SHAPE: (1024, 1024)
********
epoch: 7     time: 146
train_loss: 0.48856955766677856
SHAPE: (1024, 1024)
********
epoch: 8     time: 167
train_loss: 0.46327667209235107
SHAPE: (1024, 1024)
********
epoch: 9     time: 187
train_loss: 0.44412549246441235
SHAPE: (1024, 1024)
********
epoch: 10     time: 208
train_loss: 0.4351613318378275
SHAPE: (1024, 1024)
********
epoch: 11     time: 229
train_loss: 0.4255732988769358
SHAPE: (1024, 1024)
********
epoch: 12     time: 250
train_loss: 0.41799228164282715
SHAPE: (1024, 1024)
********
epoch: 13     time: 271
train_loss: 0.4081342328678478
SHAPE: (1024, 1024)
********
epoch: 14     time: 291
train_loss: 0.40203342789953406
SHAPE: (1024, 1024)
********
epoch: 15     time: 312
train_loss: 0.39875366200100293
SHAPE: (1024, 1024)
********
epoch: 16     time: 333
train_loss: 0.3906488811427897
SHAPE: (1024, 1024)
********
epoch: 17     time: 354
train_loss: 0.38354193893345917
SHAPE: (1024, 1024)
********
epoch: 18     time: 375
train_loss: 0.37776865742423316
SHAPE: (1024, 1024)
********
epoch: 19     time: 395
train_loss: 0.37080987881530414
SHAPE: (1024, 1024)
********
epoch: 20     time: 416
train_loss: 0.37094228782437066
SHAPE: (1024, 1024)
********
epoch: 21     time: 437
train_loss: 0.3646878356283361
SHAPE: (1024, 1024)
********
epoch: 22     time: 458
train_loss: 0.3584227778694846
SHAPE: (1024, 1024)
********
epoch: 23     time: 478
train_loss: 0.35234650563110004
SHAPE: (1024, 1024)
********
epoch: 24     time: 499
train_loss: 0.34352852268652484
SHAPE: (1024, 1024)
********
epoch: 25     time: 520
train_loss: 0.33915483951568604
SHAPE: (1024, 1024)
********
epoch: 26     time: 541
train_loss: 0.33311578360470856
SHAPE: (1024, 1024)
********
epoch: 27     time: 562
train_loss: 0.3251335918903351
SHAPE: (1024, 1024)
********
epoch: 28     time: 582
train_loss: 0.3172175924886357
SHAPE: (1024, 1024)
********
epoch: 29     time: 603
train_loss: 0.31241284717213025
SHAPE: (1024, 1024)
********
epoch: 30     time: 625
train_loss: 0.3069012598557906
SHAPE: (1024, 1024)
********
epoch: 31     time: 646
train_loss: 0.29775465347550134
SHAPE: (1024, 1024)
********
epoch: 32     time: 666
train_loss: 0.27955082194371655
SHAPE: (1024, 1024)
********
epoch: 33     time: 687
train_loss: 0.1831196150319143
SHAPE: (1024, 1024)
********
epoch: 34     time: 708
train_loss: 0.06308813918043267
SHAPE: (1024, 1024)
********
epoch: 35     time: 729
train_loss: 0.051287132992663166
SHAPE: (1024, 1024)
********
epoch: 36     time: 750
train_loss: 0.06294807825576175
SHAPE: (1024, 1024)
********
epoch: 37     time: 770
train_loss: 0.05512937463142655
SHAPE: (1024, 1024)
********
epoch: 38     time: 791
train_loss: 0.04808474569158121
SHAPE: (1024, 1024)
********
epoch: 39     time: 811
train_loss: 0.045366751199418846
SHAPE: (1024, 1024)
********
epoch: 40     time: 832
train_loss: 0.04222616570239717
SHAPE: (1024, 1024)
********
epoch: 41     time: 853
train_loss: 0.038862082260576164
SHAPE: (1024, 1024)
********
epoch: 42     time: 874
train_loss: 0.03934813299300996
SHAPE: (1024, 1024)
********
epoch: 43     time: 894
train_loss: 0.037091344171627
SHAPE: (1024, 1024)
********
epoch: 44     time: 915
train_loss: 0.03503122671761296
SHAPE: (1024, 1024)
********
epoch: 45     time: 936
train_loss: 0.03376041699878194
SHAPE: (1024, 1024)
********
epoch: 46     time: 956
train_loss: 0.033065522512929005
SHAPE: (1024, 1024)
********
epoch: 47     time: 977
train_loss: 0.03107132161544128
SHAPE: (1024, 1024)
********
epoch: 48     time: 998
train_loss: 0.03263354614715685
SHAPE: (1024, 1024)
********
epoch: 49     time: 1019
train_loss: 0.03535944502800703
SHAPE: (1024, 1024)
********
epoch: 50     time: 1039
train_loss: 0.0328352859413082
SHAPE: (1024, 1024)
********
epoch: 51     time: 1059
train_loss: 0.0301844762976874
SHAPE: (1024, 1024)
********
epoch: 52     time: 1080
train_loss: 0.028974742628633976
SHAPE: (1024, 1024)
********
epoch: 53     time: 1102
train_loss: 0.027931442738256672
SHAPE: (1024, 1024)
********
epoch: 54     time: 1123
train_loss: 0.027210494588044556
SHAPE: (1024, 1024)
********
epoch: 55     time: 1144
train_loss: 0.026819362220439045
SHAPE: (1024, 1024)
********
epoch: 56     time: 1164
train_loss: 0.02658556926656853
SHAPE: (1024, 1024)
********
epoch: 57     time: 1185
train_loss: 0.025921177288348026
SHAPE: (1024, 1024)
********
epoch: 58     time: 1206
train_loss: 0.027753371999345043
SHAPE: (1024, 1024)
********
epoch: 59     time: 1226
train_loss: 0.025892941704527897
SHAPE: (1024, 1024)
********
epoch: 60     time: 1247
train_loss: 0.02546324978836558
SHAPE: (1024, 1024)
********
epoch: 61     time: 1268
train_loss: 0.025855573486875404
SHAPE: (1024, 1024)
********
epoch: 62     time: 1288
train_loss: 0.024302784692157398
SHAPE: (1024, 1024)
********
epoch: 63     time: 1309
train_loss: 0.022219681519676338
SHAPE: (1024, 1024)
********
epoch: 64     time: 1330
train_loss: 0.022327676288444887
SHAPE: (1024, 1024)
********
epoch: 65     time: 1350
train_loss: 0.021875135431235485
SHAPE: (1024, 1024)
********
epoch: 66     time: 1371
train_loss: 0.021149795587089928
SHAPE: (1024, 1024)
********
epoch: 67     time: 1392
train_loss: 0.02241447085345333
SHAPE: (1024, 1024)
********
epoch: 68     time: 1412
train_loss: 0.02270581192252311
SHAPE: (1024, 1024)
********
epoch: 69     time: 1433
train_loss: 0.0223504477603869
SHAPE: (1024, 1024)
********
epoch: 70     time: 1453
train_loss: 0.020751629617403854
SHAPE: (1024, 1024)
********
epoch: 71     time: 1474
train_loss: 0.021072566593912514
SHAPE: (1024, 1024)
********
epoch: 72     time: 1495
train_loss: 0.018959401598708195
SHAPE: (1024, 1024)
********
epoch: 73     time: 1515
train_loss: 0.019035918172448874
SHAPE: (1024, 1024)
********
epoch: 74     time: 1536
train_loss: 0.019282648043537683
SHAPE: (1024, 1024)
********
epoch: 75     time: 1556
train_loss: 0.018719607329165392
SHAPE: (1024, 1024)
********
epoch: 76     time: 1577
train_loss: 0.01858229748904705
SHAPE: (1024, 1024)
********
epoch: 77     time: 1598
train_loss: 0.01967298730530522
SHAPE: (1024, 1024)
********
epoch: 78     time: 1619
train_loss: 0.020430945410308512
SHAPE: (1024, 1024)
********
epoch: 79     time: 1639
train_loss: 0.018260698680850593
SHAPE: (1024, 1024)
********
epoch: 80     time: 1660
train_loss: 0.01736688745123419
SHAPE: (1024, 1024)
********
epoch: 81     time: 1681
train_loss: 0.017767470837994057
SHAPE: (1024, 1024)
********
epoch: 82     time: 1701
train_loss: 0.01838407504626296
SHAPE: (1024, 1024)
********
epoch: 83     time: 1722
train_loss: 0.01792438302866437
SHAPE: (1024, 1024)
********
epoch: 84     time: 1742
train_loss: 0.01863550669936971
SHAPE: (1024, 1024)
********
epoch: 85     time: 1763
train_loss: 0.015920908698304134
SHAPE: (1024, 1024)
********
epoch: 86     time: 1783
train_loss: 0.014997103928842327
SHAPE: (1024, 1024)
********
epoch: 87     time: 1804
train_loss: 0.01412844399667599
SHAPE: (1024, 1024)
********
epoch: 88     time: 1825
train_loss: 0.013588473835790699
SHAPE: (1024, 1024)
********
epoch: 89     time: 1846
train_loss: 0.01359581621363759
SHAPE: (1024, 1024)
********
epoch: 90     time: 1866
train_loss: 0.013097842160443013
SHAPE: (1024, 1024)
********
epoch: 91     time: 1887
train_loss: 0.01353566881946542
SHAPE: (1024, 1024)
********
epoch: 92     time: 1907
train_loss: 0.012844118924642151
SHAPE: (1024, 1024)
********
epoch: 93     time: 1928
train_loss: 0.013153751169077375
SHAPE: (1024, 1024)
********
epoch: 94     time: 1949
train_loss: 0.013151908208700743
SHAPE: (1024, 1024)
********
epoch: 95     time: 1970
train_loss: 0.012735320297493176
SHAPE: (1024, 1024)
********
epoch: 96     time: 1991
train_loss: 0.012621835847808556
SHAPE: (1024, 1024)
********
epoch: 97     time: 2011
train_loss: 0.012627930105240508
SHAPE: (1024, 1024)
********
epoch: 98     time: 2032
train_loss: 0.012510074217888441
SHAPE: (1024, 1024)
********
epoch: 99     time: 2053
train_loss: 0.012673663441091776
SHAPE: (1024, 1024)
********
epoch: 100     time: 2073
train_loss: 0.012660647827115927
SHAPE: (1024, 1024)
********
epoch: 101     time: 2094
train_loss: 0.012445085046982223
SHAPE: (1024, 1024)
********
epoch: 102     time: 2114
train_loss: 0.011949929197064856
SHAPE: (1024, 1024)
********
epoch: 103     time: 2135
train_loss: 0.012054704023863782
SHAPE: (1024, 1024)
********
epoch: 104     time: 2156
train_loss: 0.011981705203652382
SHAPE: (1024, 1024)
********
epoch: 105     time: 2176
train_loss: 0.011939149180596525
SHAPE: (1024, 1024)
********
epoch: 106     time: 2197
train_loss: 0.011731836500323632
SHAPE: (1024, 1024)
********
epoch: 107     time: 2218
train_loss: 0.011803713330829685
SHAPE: (1024, 1024)
********
epoch: 108     time: 2238
train_loss: 0.011836413442241874
SHAPE: (1024, 1024)
********
epoch: 109     time: 2259
train_loss: 0.011636278401552276
SHAPE: (1024, 1024)
********
epoch: 110     time: 2279
train_loss: 0.011881152929907495
SHAPE: (1024, 1024)
********
epoch: 111     time: 2300
train_loss: 0.011485501869835636
SHAPE: (1024, 1024)
********
epoch: 112     time: 2321
train_loss: 0.011999542824923992
SHAPE: (1024, 1024)
********
epoch: 113     time: 2341
train_loss: 0.0112970535304736
SHAPE: (1024, 1024)
********
epoch: 114     time: 2362
train_loss: 0.011238483733243564
SHAPE: (1024, 1024)
********
epoch: 115     time: 2383
train_loss: 0.011246975722976706
SHAPE: (1024, 1024)
********
epoch: 116     time: 2403
train_loss: 0.011024390876462514
SHAPE: (1024, 1024)
********
epoch: 117     time: 2424
train_loss: 0.010729942110959779
SHAPE: (1024, 1024)
********
epoch: 118     time: 2445
train_loss: 0.01141160193153403
SHAPE: (1024, 1024)
********
epoch: 119     time: 2466
train_loss: 0.010958864459429275
SHAPE: (1024, 1024)
********
epoch: 120     time: 2486
train_loss: 0.010778546015816655
SHAPE: (1024, 1024)
********
epoch: 121     time: 2507
train_loss: 0.011191315271637657
SHAPE: (1024, 1024)
********
epoch: 122     time: 2527
train_loss: 0.010764336044138128
SHAPE: (1024, 1024)
********
epoch: 123     time: 2548
train_loss: 0.011008584935387427
SHAPE: (1024, 1024)
********
epoch: 124     time: 2569
train_loss: 0.01091762744313614
SHAPE: (1024, 1024)
early stop at 124 epoch
Finish!
