********
epoch: 1     time: 19
train_loss: 1.58187316712879
SHAPE: (1024, 1024)
********
epoch: 2     time: 38
train_loss: 1.566798897016616
SHAPE: (1024, 1024)
********
epoch: 3     time: 58
train_loss: 1.549140941529047
SHAPE: (1024, 1024)
********
epoch: 4     time: 78
train_loss: 1.534801965668088
SHAPE: (1024, 1024)
********
epoch: 5     time: 97
train_loss: 1.498779989424206
SHAPE: (1024, 1024)
********
epoch: 6     time: 117
train_loss: 1.451435270763579
SHAPE: (1024, 1024)
********
epoch: 7     time: 136
train_loss: 1.3960054091044836
SHAPE: (1024, 1024)
********
epoch: 8     time: 156
train_loss: 1.3285623221170335
SHAPE: (1024, 1024)
********
epoch: 9     time: 175
train_loss: 1.2459283329191662
SHAPE: (1024, 1024)
********
epoch: 10     time: 195
train_loss: 1.1614964973358881
SHAPE: (1024, 1024)
********
epoch: 11     time: 214
train_loss: 1.0837946903137934
SHAPE: (1024, 1024)
********
epoch: 12     time: 233
train_loss: 1.0139528115590413
SHAPE: (1024, 1024)
********
epoch: 13     time: 253
train_loss: 0.9511249860127767
SHAPE: (1024, 1024)
********
epoch: 14     time: 272
train_loss: 0.8832019084975833
SHAPE: (1024, 1024)
********
epoch: 15     time: 292
train_loss: 0.8246331697418576
SHAPE: (1024, 1024)
********
epoch: 16     time: 311
train_loss: 0.7595724491845994
SHAPE: (1024, 1024)
********
epoch: 17     time: 331
train_loss: 0.6999687495685759
SHAPE: (1024, 1024)
********
epoch: 18     time: 350
train_loss: 0.638117926461356
SHAPE: (1024, 1024)
********
epoch: 19     time: 370
train_loss: 0.5921676471119836
SHAPE: (1024, 1024)
********
epoch: 20     time: 389
train_loss: 0.5530281066894531
SHAPE: (1024, 1024)
********
epoch: 21     time: 409
train_loss: 0.5284553269545237
SHAPE: (1024, 1024)
********
epoch: 22     time: 428
train_loss: 0.5062705193247113
SHAPE: (1024, 1024)
********
epoch: 23     time: 448
train_loss: 0.4933462327434903
SHAPE: (1024, 1024)
********
epoch: 24     time: 467
train_loss: 0.48060607342492967
SHAPE: (1024, 1024)
********
epoch: 25     time: 487
train_loss: 0.4705190062522888
SHAPE: (1024, 1024)
********
epoch: 26     time: 506
train_loss: 0.4862264550867535
SHAPE: (1024, 1024)
********
epoch: 27     time: 525
train_loss: 0.4561362805820647
SHAPE: (1024, 1024)
********
epoch: 28     time: 545
train_loss: 0.45262078302247183
SHAPE: (1024, 1024)
********
epoch: 29     time: 564
train_loss: 0.4377139224892571
SHAPE: (1024, 1024)
********
epoch: 30     time: 584
train_loss: 0.42040063937505084
SHAPE: (1024, 1024)
********
epoch: 31     time: 603
train_loss: 0.40246446217809406
SHAPE: (1024, 1024)
********
epoch: 32     time: 623
train_loss: 0.3864626047157106
SHAPE: (1024, 1024)
********
epoch: 33     time: 642
train_loss: 0.36667053188596455
SHAPE: (1024, 1024)
********
epoch: 34     time: 662
train_loss: 0.33898848579043434
SHAPE: (1024, 1024)
********
epoch: 35     time: 681
train_loss: 0.31271580571220037
SHAPE: (1024, 1024)
********
epoch: 36     time: 700
train_loss: 0.2734772790045965
SHAPE: (1024, 1024)
********
epoch: 37     time: 720
train_loss: 0.24025687788214004
SHAPE: (1024, 1024)
********
epoch: 38     time: 739
train_loss: 0.19194005926450095
SHAPE: (1024, 1024)
********
epoch: 39     time: 758
train_loss: 0.16165673697278612
SHAPE: (1024, 1024)
********
epoch: 40     time: 778
train_loss: 0.1315539131561915
SHAPE: (1024, 1024)
********
epoch: 41     time: 797
train_loss: 0.1167679311973708
SHAPE: (1024, 1024)
********
epoch: 42     time: 817
train_loss: 0.10698926342385155
SHAPE: (1024, 1024)
********
epoch: 43     time: 836
train_loss: 0.09943267951409022
SHAPE: (1024, 1024)
********
epoch: 44     time: 855
train_loss: 0.08899438274758202
SHAPE: (1024, 1024)
********
epoch: 45     time: 875
train_loss: 0.08561931887552851
SHAPE: (1024, 1024)
********
epoch: 46     time: 894
train_loss: 0.08015435756671996
SHAPE: (1024, 1024)
********
epoch: 47     time: 913
train_loss: 0.09069096793731053
SHAPE: (1024, 1024)
********
epoch: 48     time: 932
train_loss: 0.0942885900537173
SHAPE: (1024, 1024)
********
epoch: 49     time: 953
train_loss: 0.10031057415263993
SHAPE: (1024, 1024)
********
epoch: 50     time: 972
train_loss: 0.08635377653297924
SHAPE: (1024, 1024)
********
epoch: 51     time: 991
train_loss: 0.07552876465377353
SHAPE: (1024, 1024)
********
epoch: 52     time: 1010
train_loss: 0.07571987914187568
SHAPE: (1024, 1024)
********
epoch: 53     time: 1029
train_loss: 0.07538132263081414
SHAPE: (1024, 1024)
********
epoch: 54     time: 1049
train_loss: 0.0737032461024466
SHAPE: (1024, 1024)
********
epoch: 55     time: 1068
train_loss: 0.07425785011478833
SHAPE: (1024, 1024)
********
epoch: 56     time: 1087
train_loss: 0.07411285986502965
SHAPE: (1024, 1024)
********
epoch: 57     time: 1106
train_loss: 0.08361453775848661
SHAPE: (1024, 1024)
********
epoch: 58     time: 1125
train_loss: 0.07201788574457169
SHAPE: (1024, 1024)
********
epoch: 59     time: 1145
train_loss: 0.06870736820357186
SHAPE: (1024, 1024)
********
epoch: 60     time: 1164
train_loss: 0.07240563719755128
SHAPE: (1024, 1024)
********
epoch: 61     time: 1183
train_loss: 0.07408959507232621
SHAPE: (1024, 1024)
********
epoch: 62     time: 1203
train_loss: 0.06956667878798076
SHAPE: (1024, 1024)
********
epoch: 63     time: 1222
train_loss: 0.0744084096735432
SHAPE: (1024, 1024)
********
epoch: 64     time: 1241
train_loss: 0.09071511615599905
SHAPE: (1024, 1024)
********
epoch: 65     time: 1260
train_loss: 0.0692489046071257
SHAPE: (1024, 1024)
Finish!
